{"/Users/alex/Documents/Workspaces/achingbrain/uint8array-list/src/index.ts": {"path":"/Users/alex/Documents/Workspaces/achingbrain/uint8array-list/src/index.ts","all":false,"statementMap":{"0":{"start":{"line":1,"column":0},"end":{"line":1,"column":43}},"1":{"start":{"line":2,"column":0},"end":{"line":2,"column":43}},"2":{"start":{"line":3,"column":0},"end":{"line":3,"column":54}},"3":{"start":{"line":4,"column":0},"end":{"line":4,"column":0}},"4":{"start":{"line":5,"column":0},"end":{"line":5,"column":56}},"5":{"start":{"line":6,"column":0},"end":{"line":6,"column":0}},"6":{"start":{"line":7,"column":0},"end":{"line":7,"column":45}},"7":{"start":{"line":8,"column":0},"end":{"line":8,"column":0}},"8":{"start":{"line":9,"column":0},"end":{"line":9,"column":84}},"9":{"start":{"line":10,"column":0},"end":{"line":10,"column":59}},"10":{"start":{"line":11,"column":0},"end":{"line":11,"column":50}},"11":{"start":{"line":12,"column":0},"end":{"line":12,"column":3}},"12":{"start":{"line":13,"column":0},"end":{"line":13,"column":0}},"13":{"start":{"line":14,"column":0},"end":{"line":14,"column":16}},"14":{"start":{"line":15,"column":0},"end":{"line":15,"column":0}},"15":{"start":{"line":16,"column":0},"end":{"line":16,"column":27}},"16":{"start":{"line":17,"column":0},"end":{"line":17,"column":42}},"17":{"start":{"line":18,"column":0},"end":{"line":18,"column":0}},"18":{"start":{"line":19,"column":0},"end":{"line":19,"column":25}},"19":{"start":{"line":20,"column":0},"end":{"line":20,"column":14}},"20":{"start":{"line":21,"column":0},"end":{"line":21,"column":12}},"21":{"start":{"line":22,"column":0},"end":{"line":22,"column":29}},"22":{"start":{"line":23,"column":0},"end":{"line":23,"column":7}},"23":{"start":{"line":24,"column":0},"end":{"line":24,"column":5}},"24":{"start":{"line":25,"column":0},"end":{"line":25,"column":0}},"25":{"start":{"line":26,"column":0},"end":{"line":26,"column":19}},"26":{"start":{"line":27,"column":0},"end":{"line":27,"column":3}},"27":{"start":{"line":28,"column":0},"end":{"line":28,"column":0}},"28":{"start":{"line":29,"column":0},"end":{"line":29,"column":48}},"29":{"start":{"line":30,"column":0},"end":{"line":30,"column":1}},"30":{"start":{"line":31,"column":0},"end":{"line":31,"column":0}},"31":{"start":{"line":32,"column":0},"end":{"line":32,"column":3}},"32":{"start":{"line":33,"column":0},"end":{"line":33,"column":36}},"33":{"start":{"line":34,"column":0},"end":{"line":34,"column":3}},"34":{"start":{"line":35,"column":0},"end":{"line":35,"column":72}},"35":{"start":{"line":36,"column":0},"end":{"line":36,"column":33}},"36":{"start":{"line":37,"column":0},"end":{"line":37,"column":1}},"37":{"start":{"line":38,"column":0},"end":{"line":38,"column":0}},"38":{"start":{"line":39,"column":0},"end":{"line":39,"column":61}},"39":{"start":{"line":40,"column":0},"end":{"line":40,"column":28}},"40":{"start":{"line":41,"column":0},"end":{"line":41,"column":23}},"41":{"start":{"line":42,"column":0},"end":{"line":42,"column":0}},"42":{"start":{"line":43,"column":0},"end":{"line":43,"column":39}},"43":{"start":{"line":44,"column":0},"end":{"line":44,"column":20}},"44":{"start":{"line":45,"column":0},"end":{"line":45,"column":56}},"45":{"start":{"line":46,"column":0},"end":{"line":46,"column":0}},"46":{"start":{"line":47,"column":0},"end":{"line":47,"column":18}},"47":{"start":{"line":48,"column":0},"end":{"line":48,"column":19}},"48":{"start":{"line":49,"column":0},"end":{"line":49,"column":0}},"49":{"start":{"line":50,"column":0},"end":{"line":50,"column":24}},"50":{"start":{"line":51,"column":0},"end":{"line":51,"column":3}},"51":{"start":{"line":52,"column":0},"end":{"line":52,"column":0}},"52":{"start":{"line":53,"column":0},"end":{"line":53,"column":26}},"53":{"start":{"line":54,"column":0},"end":{"line":54,"column":21}},"54":{"start":{"line":55,"column":0},"end":{"line":55,"column":3}},"55":{"start":{"line":56,"column":0},"end":{"line":56,"column":0}},"56":{"start":{"line":57,"column":0},"end":{"line":57,"column":21}},"57":{"start":{"line":58,"column":0},"end":{"line":58,"column":22}},"58":{"start":{"line":59,"column":0},"end":{"line":59,"column":3}},"59":{"start":{"line":60,"column":0},"end":{"line":60,"column":0}},"60":{"start":{"line":61,"column":0},"end":{"line":61,"column":5}},"61":{"start":{"line":62,"column":0},"end":{"line":62,"column":50}},"62":{"start":{"line":63,"column":0},"end":{"line":63,"column":5}},"63":{"start":{"line":64,"column":0},"end":{"line":64,"column":34}},"64":{"start":{"line":65,"column":0},"end":{"line":65,"column":24}},"65":{"start":{"line":66,"column":0},"end":{"line":66,"column":3}},"66":{"start":{"line":67,"column":0},"end":{"line":67,"column":0}},"67":{"start":{"line":68,"column":0},"end":{"line":68,"column":5}},"68":{"start":{"line":69,"column":0},"end":{"line":69,"column":42}},"69":{"start":{"line":70,"column":0},"end":{"line":70,"column":5}},"70":{"start":{"line":71,"column":0},"end":{"line":71,"column":34}},"71":{"start":{"line":72,"column":0},"end":{"line":72,"column":18}},"72":{"start":{"line":73,"column":0},"end":{"line":73,"column":0}},"73":{"start":{"line":74,"column":0},"end":{"line":74,"column":29}},"74":{"start":{"line":75,"column":0},"end":{"line":75,"column":38}},"75":{"start":{"line":76,"column":0},"end":{"line":76,"column":32}},"76":{"start":{"line":77,"column":0},"end":{"line":77,"column":27}},"77":{"start":{"line":78,"column":0},"end":{"line":78,"column":41}},"78":{"start":{"line":79,"column":0},"end":{"line":79,"column":32}},"79":{"start":{"line":80,"column":0},"end":{"line":80,"column":46}},"80":{"start":{"line":81,"column":0},"end":{"line":81,"column":14}},"81":{"start":{"line":82,"column":0},"end":{"line":82,"column":92}},"82":{"start":{"line":83,"column":0},"end":{"line":83,"column":7}},"83":{"start":{"line":84,"column":0},"end":{"line":84,"column":5}},"84":{"start":{"line":85,"column":0},"end":{"line":85,"column":0}},"85":{"start":{"line":86,"column":0},"end":{"line":86,"column":25}},"86":{"start":{"line":87,"column":0},"end":{"line":87,"column":3}},"87":{"start":{"line":88,"column":0},"end":{"line":88,"column":0}},"88":{"start":{"line":89,"column":0},"end":{"line":89,"column":5}},"89":{"start":{"line":90,"column":0},"end":{"line":90,"column":30}},"90":{"start":{"line":91,"column":0},"end":{"line":91,"column":5}},"91":{"start":{"line":92,"column":0},"end":{"line":92,"column":23}},"92":{"start":{"line":93,"column":0},"end":{"line":93,"column":63}},"93":{"start":{"line":94,"column":0},"end":{"line":94,"column":0}},"94":{"start":{"line":95,"column":0},"end":{"line":95,"column":29}},"95":{"start":{"line":96,"column":0},"end":{"line":96,"column":3}},"96":{"start":{"line":97,"column":0},"end":{"line":97,"column":0}},"97":{"start":{"line":98,"column":0},"end":{"line":98,"column":5}},"98":{"start":{"line":99,"column":0},"end":{"line":99,"column":40}},"99":{"start":{"line":100,"column":0},"end":{"line":100,"column":5}},"100":{"start":{"line":101,"column":0},"end":{"line":101,"column":38}},"101":{"start":{"line":102,"column":0},"end":{"line":102,"column":63}},"102":{"start":{"line":103,"column":0},"end":{"line":103,"column":0}},"103":{"start":{"line":104,"column":0},"end":{"line":104,"column":30}},"104":{"start":{"line":105,"column":0},"end":{"line":105,"column":3}},"105":{"start":{"line":106,"column":0},"end":{"line":106,"column":0}},"106":{"start":{"line":107,"column":0},"end":{"line":107,"column":5}},"107":{"start":{"line":108,"column":0},"end":{"line":108,"column":61}},"108":{"start":{"line":109,"column":0},"end":{"line":109,"column":5}},"109":{"start":{"line":110,"column":0},"end":{"line":110,"column":47}},"110":{"start":{"line":111,"column":0},"end":{"line":111,"column":36}},"111":{"start":{"line":112,"column":0},"end":{"line":112,"column":44}},"112":{"start":{"line":113,"column":0},"end":{"line":113,"column":36}},"113":{"start":{"line":114,"column":0},"end":{"line":114,"column":7}},"114":{"start":{"line":115,"column":0},"end":{"line":115,"column":39}},"115":{"start":{"line":116,"column":0},"end":{"line":116,"column":44}},"116":{"start":{"line":117,"column":0},"end":{"line":117,"column":40}},"117":{"start":{"line":118,"column":0},"end":{"line":118,"column":7}},"118":{"start":{"line":119,"column":0},"end":{"line":119,"column":12}},"119":{"start":{"line":120,"column":0},"end":{"line":120,"column":89}},"120":{"start":{"line":121,"column":0},"end":{"line":121,"column":5}},"121":{"start":{"line":122,"column":0},"end":{"line":122,"column":3}},"122":{"start":{"line":123,"column":0},"end":{"line":123,"column":0}},"123":{"start":{"line":124,"column":0},"end":{"line":124,"column":5}},"124":{"start":{"line":125,"column":0},"end":{"line":125,"column":44}},"125":{"start":{"line":126,"column":0},"end":{"line":126,"column":5}},"126":{"start":{"line":127,"column":0},"end":{"line":127,"column":27}},"127":{"start":{"line":128,"column":0},"end":{"line":128,"column":75}},"128":{"start":{"line":129,"column":0},"end":{"line":129,"column":29}},"129":{"start":{"line":130,"column":0},"end":{"line":130,"column":0}},"130":{"start":{"line":131,"column":0},"end":{"line":131,"column":42}},"131":{"start":{"line":132,"column":0},"end":{"line":132,"column":44}},"132":{"start":{"line":133,"column":0},"end":{"line":133,"column":12}},"133":{"start":{"line":134,"column":0},"end":{"line":134,"column":5}},"134":{"start":{"line":135,"column":0},"end":{"line":135,"column":0}},"135":{"start":{"line":136,"column":0},"end":{"line":136,"column":34}},"136":{"start":{"line":137,"column":0},"end":{"line":137,"column":45}},"137":{"start":{"line":138,"column":0},"end":{"line":138,"column":40}},"138":{"start":{"line":139,"column":0},"end":{"line":139,"column":46}},"139":{"start":{"line":140,"column":0},"end":{"line":140,"column":25}},"140":{"start":{"line":141,"column":0},"end":{"line":141,"column":14}},"141":{"start":{"line":142,"column":0},"end":{"line":142,"column":51}},"142":{"start":{"line":143,"column":0},"end":{"line":143,"column":28}},"143":{"start":{"line":144,"column":0},"end":{"line":144,"column":13}},"144":{"start":{"line":145,"column":0},"end":{"line":145,"column":7}},"145":{"start":{"line":146,"column":0},"end":{"line":146,"column":5}},"146":{"start":{"line":147,"column":0},"end":{"line":147,"column":3}},"147":{"start":{"line":148,"column":0},"end":{"line":148,"column":0}},"148":{"start":{"line":149,"column":0},"end":{"line":149,"column":5}},"149":{"start":{"line":150,"column":0},"end":{"line":150,"column":60}},"150":{"start":{"line":151,"column":0},"end":{"line":151,"column":4}},"151":{"start":{"line":152,"column":0},"end":{"line":152,"column":66}},"152":{"start":{"line":153,"column":0},"end":{"line":153,"column":63}},"153":{"start":{"line":154,"column":0},"end":{"line":154,"column":5}},"154":{"start":{"line":155,"column":0},"end":{"line":155,"column":70}},"155":{"start":{"line":156,"column":0},"end":{"line":156,"column":72}},"156":{"start":{"line":157,"column":0},"end":{"line":157,"column":0}},"157":{"start":{"line":158,"column":0},"end":{"line":158,"column":31}},"158":{"start":{"line":159,"column":0},"end":{"line":159,"column":3}},"159":{"start":{"line":160,"column":0},"end":{"line":160,"column":0}},"160":{"start":{"line":161,"column":0},"end":{"line":161,"column":5}},"161":{"start":{"line":162,"column":0},"end":{"line":162,"column":64}},"162":{"start":{"line":163,"column":0},"end":{"line":163,"column":4}},"163":{"start":{"line":164,"column":0},"end":{"line":164,"column":77}},"164":{"start":{"line":165,"column":0},"end":{"line":165,"column":77}},"165":{"start":{"line":166,"column":0},"end":{"line":166,"column":5}},"166":{"start":{"line":167,"column":0},"end":{"line":167,"column":73}},"167":{"start":{"line":168,"column":0},"end":{"line":168,"column":72}},"168":{"start":{"line":169,"column":0},"end":{"line":169,"column":0}},"169":{"start":{"line":170,"column":0},"end":{"line":170,"column":28}},"170":{"start":{"line":171,"column":0},"end":{"line":171,"column":20}},"171":{"start":{"line":172,"column":0},"end":{"line":172,"column":5}},"172":{"start":{"line":173,"column":0},"end":{"line":173,"column":0}},"173":{"start":{"line":174,"column":0},"end":{"line":174,"column":31}},"174":{"start":{"line":175,"column":0},"end":{"line":175,"column":3}},"175":{"start":{"line":176,"column":0},"end":{"line":176,"column":0}},"176":{"start":{"line":177,"column":0},"end":{"line":177,"column":5}},"177":{"start":{"line":178,"column":0},"end":{"line":178,"column":68}},"178":{"start":{"line":179,"column":0},"end":{"line":179,"column":4}},"179":{"start":{"line":180,"column":0},"end":{"line":180,"column":33}},"180":{"start":{"line":181,"column":0},"end":{"line":181,"column":5}},"181":{"start":{"line":182,"column":0},"end":{"line":182,"column":76}},"182":{"start":{"line":183,"column":0},"end":{"line":183,"column":72}},"183":{"start":{"line":184,"column":0},"end":{"line":184,"column":0}},"184":{"start":{"line":185,"column":0},"end":{"line":185,"column":37}},"185":{"start":{"line":186,"column":0},"end":{"line":186,"column":24}},"186":{"start":{"line":187,"column":0},"end":{"line":187,"column":36}},"187":{"start":{"line":188,"column":0},"end":{"line":188,"column":20}},"188":{"start":{"line":189,"column":0},"end":{"line":189,"column":0}},"189":{"start":{"line":190,"column":0},"end":{"line":190,"column":15}},"190":{"start":{"line":191,"column":0},"end":{"line":191,"column":3}},"191":{"start":{"line":192,"column":0},"end":{"line":192,"column":0}},"192":{"start":{"line":193,"column":0},"end":{"line":193,"column":69}},"193":{"start":{"line":194,"column":0},"end":{"line":194,"column":40}},"194":{"start":{"line":195,"column":0},"end":{"line":195,"column":46}},"195":{"start":{"line":196,"column":0},"end":{"line":196,"column":0}},"196":{"start":{"line":197,"column":0},"end":{"line":197,"column":29}},"197":{"start":{"line":198,"column":0},"end":{"line":198,"column":51}},"198":{"start":{"line":199,"column":0},"end":{"line":199,"column":5}},"199":{"start":{"line":200,"column":0},"end":{"line":200,"column":0}},"200":{"start":{"line":201,"column":0},"end":{"line":201,"column":27}},"201":{"start":{"line":202,"column":0},"end":{"line":202,"column":47}},"202":{"start":{"line":203,"column":0},"end":{"line":203,"column":5}},"203":{"start":{"line":204,"column":0},"end":{"line":204,"column":0}},"204":{"start":{"line":205,"column":0},"end":{"line":205,"column":59}},"205":{"start":{"line":206,"column":0},"end":{"line":206,"column":52}},"206":{"start":{"line":207,"column":0},"end":{"line":207,"column":5}},"207":{"start":{"line":208,"column":0},"end":{"line":208,"column":0}},"208":{"start":{"line":209,"column":0},"end":{"line":209,"column":42}},"209":{"start":{"line":210,"column":0},"end":{"line":210,"column":36}},"210":{"start":{"line":211,"column":0},"end":{"line":211,"column":5}},"211":{"start":{"line":212,"column":0},"end":{"line":212,"column":0}},"212":{"start":{"line":213,"column":0},"end":{"line":213,"column":63}},"213":{"start":{"line":214,"column":0},"end":{"line":214,"column":53}},"214":{"start":{"line":215,"column":0},"end":{"line":215,"column":5}},"215":{"start":{"line":216,"column":0},"end":{"line":216,"column":0}},"216":{"start":{"line":217,"column":0},"end":{"line":217,"column":33}},"217":{"start":{"line":218,"column":0},"end":{"line":218,"column":18}},"218":{"start":{"line":219,"column":0},"end":{"line":219,"column":0}},"219":{"start":{"line":220,"column":0},"end":{"line":220,"column":48}},"220":{"start":{"line":221,"column":0},"end":{"line":221,"column":30}},"221":{"start":{"line":222,"column":0},"end":{"line":222,"column":29}},"222":{"start":{"line":223,"column":0},"end":{"line":223,"column":46}},"223":{"start":{"line":224,"column":0},"end":{"line":224,"column":0}},"224":{"start":{"line":225,"column":0},"end":{"line":225,"column":22}},"225":{"start":{"line":226,"column":0},"end":{"line":226,"column":21}},"226":{"start":{"line":227,"column":0},"end":{"line":227,"column":0}},"227":{"start":{"line":228,"column":0},"end":{"line":228,"column":37}},"228":{"start":{"line":229,"column":0},"end":{"line":229,"column":31}},"229":{"start":{"line":230,"column":0},"end":{"line":230,"column":16}},"230":{"start":{"line":231,"column":0},"end":{"line":231,"column":7}},"231":{"start":{"line":232,"column":0},"end":{"line":232,"column":0}},"232":{"start":{"line":233,"column":0},"end":{"line":233,"column":83}},"233":{"start":{"line":234,"column":0},"end":{"line":234,"column":78}},"234":{"start":{"line":235,"column":0},"end":{"line":235,"column":0}},"235":{"start":{"line":236,"column":0},"end":{"line":236,"column":46}},"236":{"start":{"line":237,"column":0},"end":{"line":237,"column":55}},"237":{"start":{"line":238,"column":0},"end":{"line":238,"column":69}},"238":{"start":{"line":239,"column":0},"end":{"line":239,"column":35}},"239":{"start":{"line":240,"column":0},"end":{"line":240,"column":24}},"240":{"start":{"line":241,"column":0},"end":{"line":241,"column":15}},"241":{"start":{"line":242,"column":0},"end":{"line":242,"column":9}},"242":{"start":{"line":243,"column":0},"end":{"line":243,"column":0}},"243":{"start":{"line":244,"column":0},"end":{"line":244,"column":35}},"244":{"start":{"line":245,"column":0},"end":{"line":245,"column":47}},"245":{"start":{"line":246,"column":0},"end":{"line":246,"column":79}},"246":{"start":{"line":247,"column":0},"end":{"line":247,"column":13}},"247":{"start":{"line":248,"column":0},"end":{"line":248,"column":7}},"248":{"start":{"line":249,"column":0},"end":{"line":249,"column":0}},"249":{"start":{"line":250,"column":0},"end":{"line":250,"column":28}},"250":{"start":{"line":251,"column":0},"end":{"line":251,"column":38}},"251":{"start":{"line":252,"column":0},"end":{"line":252,"column":35}},"252":{"start":{"line":253,"column":0},"end":{"line":253,"column":35}},"253":{"start":{"line":254,"column":0},"end":{"line":254,"column":24}},"254":{"start":{"line":255,"column":0},"end":{"line":255,"column":18}},"255":{"start":{"line":256,"column":0},"end":{"line":256,"column":9}},"256":{"start":{"line":257,"column":0},"end":{"line":257,"column":0}},"257":{"start":{"line":258,"column":0},"end":{"line":258,"column":35}},"258":{"start":{"line":259,"column":0},"end":{"line":259,"column":58}},"259":{"start":{"line":260,"column":0},"end":{"line":260,"column":16}},"260":{"start":{"line":261,"column":0},"end":{"line":261,"column":7}},"261":{"start":{"line":262,"column":0},"end":{"line":262,"column":0}},"262":{"start":{"line":263,"column":0},"end":{"line":263,"column":27}},"263":{"start":{"line":264,"column":0},"end":{"line":264,"column":38}},"264":{"start":{"line":265,"column":0},"end":{"line":265,"column":35}},"265":{"start":{"line":266,"column":0},"end":{"line":266,"column":24}},"266":{"start":{"line":267,"column":0},"end":{"line":267,"column":15}},"267":{"start":{"line":268,"column":0},"end":{"line":268,"column":9}},"268":{"start":{"line":269,"column":0},"end":{"line":269,"column":0}},"269":{"start":{"line":270,"column":0},"end":{"line":270,"column":35}},"270":{"start":{"line":271,"column":0},"end":{"line":271,"column":59}},"271":{"start":{"line":272,"column":0},"end":{"line":272,"column":13}},"272":{"start":{"line":273,"column":0},"end":{"line":273,"column":7}},"273":{"start":{"line":274,"column":0},"end":{"line":274,"column":0}},"274":{"start":{"line":275,"column":0},"end":{"line":275,"column":59}},"275":{"start":{"line":276,"column":0},"end":{"line":276,"column":20}},"276":{"start":{"line":277,"column":0},"end":{"line":277,"column":5}},"277":{"start":{"line":278,"column":0},"end":{"line":278,"column":0}},"278":{"start":{"line":279,"column":0},"end":{"line":279,"column":58}},"279":{"start":{"line":280,"column":0},"end":{"line":280,"column":3}},"280":{"start":{"line":281,"column":0},"end":{"line":281,"column":0}},"281":{"start":{"line":282,"column":0},"end":{"line":282,"column":40}},"282":{"start":{"line":283,"column":0},"end":{"line":283,"column":57}},"283":{"start":{"line":284,"column":0},"end":{"line":284,"column":73}},"284":{"start":{"line":285,"column":0},"end":{"line":285,"column":0}},"285":{"start":{"line":286,"column":0},"end":{"line":286,"column":26}},"286":{"start":{"line":287,"column":0},"end":{"line":287,"column":3}},"287":{"start":{"line":288,"column":0},"end":{"line":288,"column":0}},"288":{"start":{"line":289,"column":0},"end":{"line":289,"column":53}},"289":{"start":{"line":290,"column":0},"end":{"line":290,"column":30}},"290":{"start":{"line":291,"column":0},"end":{"line":291,"column":73}},"291":{"start":{"line":292,"column":0},"end":{"line":292,"column":26}},"292":{"start":{"line":293,"column":0},"end":{"line":293,"column":0}},"293":{"start":{"line":294,"column":0},"end":{"line":294,"column":31}},"294":{"start":{"line":295,"column":0},"end":{"line":295,"column":3}},"295":{"start":{"line":296,"column":0},"end":{"line":296,"column":0}},"296":{"start":{"line":297,"column":0},"end":{"line":297,"column":65}},"297":{"start":{"line":298,"column":0},"end":{"line":298,"column":57}},"298":{"start":{"line":299,"column":0},"end":{"line":299,"column":73}},"299":{"start":{"line":300,"column":0},"end":{"line":300,"column":0}},"300":{"start":{"line":301,"column":0},"end":{"line":301,"column":41}},"301":{"start":{"line":302,"column":0},"end":{"line":302,"column":3}},"302":{"start":{"line":303,"column":0},"end":{"line":303,"column":0}},"303":{"start":{"line":304,"column":0},"end":{"line":304,"column":78}},"304":{"start":{"line":305,"column":0},"end":{"line":305,"column":24}},"305":{"start":{"line":306,"column":0},"end":{"line":306,"column":73}},"306":{"start":{"line":307,"column":0},"end":{"line":307,"column":41}},"307":{"start":{"line":308,"column":0},"end":{"line":308,"column":0}},"308":{"start":{"line":309,"column":0},"end":{"line":309,"column":31}},"309":{"start":{"line":310,"column":0},"end":{"line":310,"column":3}},"310":{"start":{"line":311,"column":0},"end":{"line":311,"column":0}},"311":{"start":{"line":312,"column":0},"end":{"line":312,"column":65}},"312":{"start":{"line":313,"column":0},"end":{"line":313,"column":57}},"313":{"start":{"line":314,"column":0},"end":{"line":314,"column":73}},"314":{"start":{"line":315,"column":0},"end":{"line":315,"column":0}},"315":{"start":{"line":316,"column":0},"end":{"line":316,"column":41}},"316":{"start":{"line":317,"column":0},"end":{"line":317,"column":3}},"317":{"start":{"line":318,"column":0},"end":{"line":318,"column":0}},"318":{"start":{"line":319,"column":0},"end":{"line":319,"column":78}},"319":{"start":{"line":320,"column":0},"end":{"line":320,"column":24}},"320":{"start":{"line":321,"column":0},"end":{"line":321,"column":73}},"321":{"start":{"line":322,"column":0},"end":{"line":322,"column":41}},"322":{"start":{"line":323,"column":0},"end":{"line":323,"column":0}},"323":{"start":{"line":324,"column":0},"end":{"line":324,"column":31}},"324":{"start":{"line":325,"column":0},"end":{"line":325,"column":3}},"325":{"start":{"line":326,"column":0},"end":{"line":326,"column":0}},"326":{"start":{"line":327,"column":0},"end":{"line":327,"column":68}},"327":{"start":{"line":328,"column":0},"end":{"line":328,"column":57}},"328":{"start":{"line":329,"column":0},"end":{"line":329,"column":73}},"329":{"start":{"line":330,"column":0},"end":{"line":330,"column":0}},"330":{"start":{"line":331,"column":0},"end":{"line":331,"column":44}},"331":{"start":{"line":332,"column":0},"end":{"line":332,"column":3}},"332":{"start":{"line":333,"column":0},"end":{"line":333,"column":0}},"333":{"start":{"line":334,"column":0},"end":{"line":334,"column":81}},"334":{"start":{"line":335,"column":0},"end":{"line":335,"column":24}},"335":{"start":{"line":336,"column":0},"end":{"line":336,"column":73}},"336":{"start":{"line":337,"column":0},"end":{"line":337,"column":44}},"337":{"start":{"line":338,"column":0},"end":{"line":338,"column":0}},"338":{"start":{"line":339,"column":0},"end":{"line":339,"column":31}},"339":{"start":{"line":340,"column":0},"end":{"line":340,"column":3}},"340":{"start":{"line":341,"column":0},"end":{"line":341,"column":0}},"341":{"start":{"line":342,"column":0},"end":{"line":342,"column":41}},"342":{"start":{"line":343,"column":0},"end":{"line":343,"column":57}},"343":{"start":{"line":344,"column":0},"end":{"line":344,"column":73}},"344":{"start":{"line":345,"column":0},"end":{"line":345,"column":0}},"345":{"start":{"line":346,"column":0},"end":{"line":346,"column":27}},"346":{"start":{"line":347,"column":0},"end":{"line":347,"column":3}},"347":{"start":{"line":348,"column":0},"end":{"line":348,"column":0}},"348":{"start":{"line":349,"column":0},"end":{"line":349,"column":54}},"349":{"start":{"line":350,"column":0},"end":{"line":350,"column":30}},"350":{"start":{"line":351,"column":0},"end":{"line":351,"column":73}},"351":{"start":{"line":352,"column":0},"end":{"line":352,"column":27}},"352":{"start":{"line":353,"column":0},"end":{"line":353,"column":0}},"353":{"start":{"line":354,"column":0},"end":{"line":354,"column":31}},"354":{"start":{"line":355,"column":0},"end":{"line":355,"column":3}},"355":{"start":{"line":356,"column":0},"end":{"line":356,"column":0}},"356":{"start":{"line":357,"column":0},"end":{"line":357,"column":66}},"357":{"start":{"line":358,"column":0},"end":{"line":358,"column":57}},"358":{"start":{"line":359,"column":0},"end":{"line":359,"column":73}},"359":{"start":{"line":360,"column":0},"end":{"line":360,"column":0}},"360":{"start":{"line":361,"column":0},"end":{"line":361,"column":42}},"361":{"start":{"line":362,"column":0},"end":{"line":362,"column":3}},"362":{"start":{"line":363,"column":0},"end":{"line":363,"column":0}},"363":{"start":{"line":364,"column":0},"end":{"line":364,"column":79}},"364":{"start":{"line":365,"column":0},"end":{"line":365,"column":24}},"365":{"start":{"line":366,"column":0},"end":{"line":366,"column":73}},"366":{"start":{"line":367,"column":0},"end":{"line":367,"column":42}},"367":{"start":{"line":368,"column":0},"end":{"line":368,"column":0}},"368":{"start":{"line":369,"column":0},"end":{"line":369,"column":31}},"369":{"start":{"line":370,"column":0},"end":{"line":370,"column":3}},"370":{"start":{"line":371,"column":0},"end":{"line":371,"column":0}},"371":{"start":{"line":372,"column":0},"end":{"line":372,"column":66}},"372":{"start":{"line":373,"column":0},"end":{"line":373,"column":57}},"373":{"start":{"line":374,"column":0},"end":{"line":374,"column":73}},"374":{"start":{"line":375,"column":0},"end":{"line":375,"column":0}},"375":{"start":{"line":376,"column":0},"end":{"line":376,"column":42}},"376":{"start":{"line":377,"column":0},"end":{"line":377,"column":3}},"377":{"start":{"line":378,"column":0},"end":{"line":378,"column":0}},"378":{"start":{"line":379,"column":0},"end":{"line":379,"column":79}},"379":{"start":{"line":380,"column":0},"end":{"line":380,"column":24}},"380":{"start":{"line":381,"column":0},"end":{"line":381,"column":73}},"381":{"start":{"line":382,"column":0},"end":{"line":382,"column":42}},"382":{"start":{"line":383,"column":0},"end":{"line":383,"column":0}},"383":{"start":{"line":384,"column":0},"end":{"line":384,"column":31}},"384":{"start":{"line":385,"column":0},"end":{"line":385,"column":3}},"385":{"start":{"line":386,"column":0},"end":{"line":386,"column":0}},"386":{"start":{"line":387,"column":0},"end":{"line":387,"column":69}},"387":{"start":{"line":388,"column":0},"end":{"line":388,"column":57}},"388":{"start":{"line":389,"column":0},"end":{"line":389,"column":73}},"389":{"start":{"line":390,"column":0},"end":{"line":390,"column":0}},"390":{"start":{"line":391,"column":0},"end":{"line":391,"column":45}},"391":{"start":{"line":392,"column":0},"end":{"line":392,"column":3}},"392":{"start":{"line":393,"column":0},"end":{"line":393,"column":0}},"393":{"start":{"line":394,"column":0},"end":{"line":394,"column":82}},"394":{"start":{"line":395,"column":0},"end":{"line":395,"column":24}},"395":{"start":{"line":396,"column":0},"end":{"line":396,"column":73}},"396":{"start":{"line":397,"column":0},"end":{"line":397,"column":45}},"397":{"start":{"line":398,"column":0},"end":{"line":398,"column":0}},"398":{"start":{"line":399,"column":0},"end":{"line":399,"column":31}},"399":{"start":{"line":400,"column":0},"end":{"line":400,"column":3}},"400":{"start":{"line":401,"column":0},"end":{"line":401,"column":0}},"401":{"start":{"line":402,"column":0},"end":{"line":402,"column":67}},"402":{"start":{"line":403,"column":0},"end":{"line":403,"column":57}},"403":{"start":{"line":404,"column":0},"end":{"line":404,"column":73}},"404":{"start":{"line":405,"column":0},"end":{"line":405,"column":0}},"405":{"start":{"line":406,"column":0},"end":{"line":406,"column":43}},"406":{"start":{"line":407,"column":0},"end":{"line":407,"column":3}},"407":{"start":{"line":408,"column":0},"end":{"line":408,"column":0}},"408":{"start":{"line":409,"column":0},"end":{"line":409,"column":80}},"409":{"start":{"line":410,"column":0},"end":{"line":410,"column":24}},"410":{"start":{"line":411,"column":0},"end":{"line":411,"column":73}},"411":{"start":{"line":412,"column":0},"end":{"line":412,"column":43}},"412":{"start":{"line":413,"column":0},"end":{"line":413,"column":0}},"413":{"start":{"line":414,"column":0},"end":{"line":414,"column":31}},"414":{"start":{"line":415,"column":0},"end":{"line":415,"column":3}},"415":{"start":{"line":416,"column":0},"end":{"line":416,"column":0}},"416":{"start":{"line":417,"column":0},"end":{"line":417,"column":67}},"417":{"start":{"line":418,"column":0},"end":{"line":418,"column":57}},"418":{"start":{"line":419,"column":0},"end":{"line":419,"column":73}},"419":{"start":{"line":420,"column":0},"end":{"line":420,"column":0}},"420":{"start":{"line":421,"column":0},"end":{"line":421,"column":43}},"421":{"start":{"line":422,"column":0},"end":{"line":422,"column":3}},"422":{"start":{"line":423,"column":0},"end":{"line":423,"column":0}},"423":{"start":{"line":424,"column":0},"end":{"line":424,"column":80}},"424":{"start":{"line":425,"column":0},"end":{"line":425,"column":24}},"425":{"start":{"line":426,"column":0},"end":{"line":426,"column":73}},"426":{"start":{"line":427,"column":0},"end":{"line":427,"column":43}},"427":{"start":{"line":428,"column":0},"end":{"line":428,"column":0}},"428":{"start":{"line":429,"column":0},"end":{"line":429,"column":31}},"429":{"start":{"line":430,"column":0},"end":{"line":430,"column":3}},"430":{"start":{"line":431,"column":0},"end":{"line":431,"column":0}},"431":{"start":{"line":432,"column":0},"end":{"line":432,"column":48}},"432":{"start":{"line":433,"column":0},"end":{"line":433,"column":24}},"433":{"start":{"line":434,"column":0},"end":{"line":434,"column":18}},"434":{"start":{"line":435,"column":0},"end":{"line":435,"column":5}},"435":{"start":{"line":436,"column":0},"end":{"line":436,"column":0}},"436":{"start":{"line":437,"column":0},"end":{"line":437,"column":45}},"437":{"start":{"line":438,"column":0},"end":{"line":438,"column":18}},"438":{"start":{"line":439,"column":0},"end":{"line":439,"column":5}},"439":{"start":{"line":440,"column":0},"end":{"line":440,"column":0}},"440":{"start":{"line":441,"column":0},"end":{"line":441,"column":49}},"441":{"start":{"line":442,"column":0},"end":{"line":442,"column":18}},"442":{"start":{"line":443,"column":0},"end":{"line":443,"column":5}},"443":{"start":{"line":444,"column":0},"end":{"line":444,"column":0}},"444":{"start":{"line":445,"column":0},"end":{"line":445,"column":48}},"445":{"start":{"line":446,"column":0},"end":{"line":446,"column":49}},"446":{"start":{"line":447,"column":0},"end":{"line":447,"column":20}},"447":{"start":{"line":448,"column":0},"end":{"line":448,"column":7}},"448":{"start":{"line":449,"column":0},"end":{"line":449,"column":5}},"449":{"start":{"line":450,"column":0},"end":{"line":450,"column":0}},"450":{"start":{"line":451,"column":0},"end":{"line":451,"column":15}},"451":{"start":{"line":452,"column":0},"end":{"line":452,"column":3}},"452":{"start":{"line":453,"column":0},"end":{"line":453,"column":1}}},"s":{"0":1,"1":1,"2":1,"3":1,"4":1,"5":1,"6":1,"7":1,"8":220,"9":220,"10":9,"11":9,"12":211,"13":211,"14":211,"15":220,"16":579,"17":579,"18":579,"19":211,"20":211,"21":211,"22":211,"23":211,"24":368,"25":368,"26":368,"27":0,"28":0,"29":0,"30":1,"31":1,"32":1,"33":1,"34":1,"35":16,"36":16,"37":1,"38":1,"39":1,"40":1,"41":1,"42":1,"43":95,"44":95,"45":95,"46":95,"47":95,"48":95,"49":95,"50":95,"51":1,"52":1,"53":2,"54":2,"55":1,"56":1,"57":5,"58":5,"59":1,"60":1,"61":1,"62":1,"63":1,"64":54,"65":54,"66":1,"67":1,"68":1,"69":1,"70":1,"71":151,"72":151,"73":151,"74":148,"75":142,"76":142,"77":148,"78":2,"79":2,"80":6,"81":4,"82":4,"83":148,"84":147,"85":147,"86":147,"87":1,"88":1,"89":1,"90":1,"91":1,"92":99,"93":99,"94":99,"95":99,"96":1,"97":1,"98":1,"99":1,"100":1,"101":121,"102":121,"103":121,"104":121,"105":1,"106":1,"107":1,"108":1,"109":1,"110":27,"111":23,"112":90,"113":90,"114":27,"115":0,"116":0,"117":0,"118":4,"119":4,"120":4,"121":27,"122":1,"123":1,"124":1,"125":1,"126":1,"127":7,"128":7,"129":7,"130":7,"131":7,"132":0,"133":0,"134":7,"135":7,"136":11,"137":5,"138":5,"139":5,"140":11,"141":6,"142":6,"143":6,"144":6,"145":11,"146":7,"147":1,"148":1,"149":1,"150":1,"151":1,"152":1,"153":1,"154":1,"155":48,"156":48,"157":48,"158":48,"159":1,"160":1,"161":1,"162":1,"163":1,"164":1,"165":1,"166":1,"167":85,"168":85,"169":85,"170":75,"171":75,"172":8,"173":8,"174":8,"175":1,"176":1,"177":1,"178":1,"179":1,"180":1,"181":1,"182":17,"183":17,"184":17,"185":17,"186":17,"187":17,"188":17,"189":17,"190":17,"191":1,"192":1,"193":150,"194":150,"195":150,"196":150,"197":9,"198":9,"199":150,"200":150,"201":6,"202":6,"203":150,"204":150,"205":6,"206":6,"207":144,"208":150,"209":6,"210":6,"211":138,"212":150,"213":78,"214":78,"215":60,"216":60,"217":60,"218":60,"219":150,"220":99,"221":99,"222":99,"223":99,"224":99,"225":99,"226":99,"227":99,"228":9,"229":9,"230":9,"231":90,"232":99,"233":99,"234":99,"235":99,"236":42,"237":42,"238":3,"239":3,"240":3,"241":3,"242":39,"243":39,"244":39,"245":39,"246":39,"247":39,"248":48,"249":99,"250":18,"251":18,"252":3,"253":3,"254":3,"255":3,"256":15,"257":15,"258":15,"259":15,"260":15,"261":30,"262":99,"263":18,"264":6,"265":6,"266":6,"267":6,"268":12,"269":12,"270":12,"271":12,"272":12,"273":12,"274":12,"275":12,"276":12,"277":60,"278":60,"279":60,"280":1,"281":1,"282":4,"283":4,"284":4,"285":4,"286":4,"287":1,"288":1,"289":1,"290":1,"291":1,"292":1,"293":1,"294":1,"295":1,"296":1,"297":8,"298":8,"299":8,"300":8,"301":8,"302":1,"303":1,"304":2,"305":2,"306":2,"307":2,"308":2,"309":2,"310":1,"311":1,"312":8,"313":8,"314":8,"315":8,"316":8,"317":1,"318":1,"319":2,"320":2,"321":2,"322":2,"323":2,"324":2,"325":1,"326":1,"327":8,"328":8,"329":8,"330":8,"331":8,"332":1,"333":1,"334":2,"335":2,"336":2,"337":2,"338":2,"339":2,"340":1,"341":1,"342":4,"343":4,"344":4,"345":4,"346":4,"347":1,"348":1,"349":1,"350":1,"351":1,"352":1,"353":1,"354":1,"355":1,"356":1,"357":8,"358":8,"359":8,"360":8,"361":8,"362":1,"363":1,"364":2,"365":2,"366":2,"367":2,"368":2,"369":2,"370":1,"371":1,"372":8,"373":8,"374":8,"375":8,"376":8,"377":1,"378":1,"379":2,"380":2,"381":2,"382":2,"383":2,"384":2,"385":1,"386":1,"387":8,"388":8,"389":8,"390":8,"391":8,"392":1,"393":1,"394":2,"395":2,"396":2,"397":2,"398":2,"399":2,"400":1,"401":1,"402":4,"403":4,"404":4,"405":4,"406":4,"407":1,"408":1,"409":2,"410":2,"411":2,"412":2,"413":2,"414":2,"415":1,"416":1,"417":8,"418":8,"419":8,"420":8,"421":8,"422":1,"423":1,"424":2,"425":2,"426":2,"427":2,"428":2,"429":2,"430":1,"431":1,"432":7,"433":1,"434":1,"435":6,"436":7,"437":1,"438":1,"439":5,"440":7,"441":1,"442":1,"443":4,"444":7,"445":5,"446":1,"447":1,"448":5,"449":3,"450":3,"451":3,"452":1},"branchMap":{"0":{"type":"branch","line":9,"loc":{"start":{"line":9,"column":0},"end":{"line":30,"column":1}},"locations":[{"start":{"line":9,"column":0},"end":{"line":30,"column":1}}]},"1":{"type":"branch","line":10,"loc":{"start":{"line":10,"column":32},"end":{"line":10,"column":56}},"locations":[{"start":{"line":10,"column":32},"end":{"line":10,"column":56}}]},"2":{"type":"branch","line":10,"loc":{"start":{"line":10,"column":58},"end":{"line":12,"column":3}},"locations":[{"start":{"line":10,"column":58},"end":{"line":12,"column":3}}]},"3":{"type":"branch","line":13,"loc":{"start":{"line":13,"column":-1},"end":{"line":16,"column":26}},"locations":[{"start":{"line":13,"column":-1},"end":{"line":16,"column":26}}]},"4":{"type":"branch","line":16,"loc":{"start":{"line":16,"column":26},"end":{"line":27,"column":3}},"locations":[{"start":{"line":16,"column":26},"end":{"line":27,"column":3}}]},"5":{"type":"branch","line":19,"loc":{"start":{"line":19,"column":24},"end":{"line":24,"column":5}},"locations":[{"start":{"line":19,"column":24},"end":{"line":24,"column":5}}]},"6":{"type":"branch","line":25,"loc":{"start":{"line":25,"column":-1},"end":{"line":27,"column":3}},"locations":[{"start":{"line":25,"column":-1},"end":{"line":27,"column":3}}]},"7":{"type":"branch","line":28,"loc":{"start":{"line":28,"column":-1},"end":{"line":30,"column":1}},"locations":[{"start":{"line":28,"column":-1},"end":{"line":30,"column":1}}]},"8":{"type":"branch","line":35,"loc":{"start":{"line":35,"column":6},"end":{"line":37,"column":1}},"locations":[{"start":{"line":35,"column":6},"end":{"line":37,"column":1}}]},"9":{"type":"branch","line":36,"loc":{"start":{"line":36,"column":22},"end":{"line":36,"column":32}},"locations":[{"start":{"line":36,"column":22},"end":{"line":36,"column":32}}]},"10":{"type":"branch","line":43,"loc":{"start":{"line":43,"column":2},"end":{"line":51,"column":3}},"locations":[{"start":{"line":43,"column":2},"end":{"line":51,"column":3}}]},"11":{"type":"branch","line":53,"loc":{"start":{"line":53,"column":2},"end":{"line":55,"column":3}},"locations":[{"start":{"line":53,"column":2},"end":{"line":55,"column":3}}]},"12":{"type":"branch","line":57,"loc":{"start":{"line":57,"column":2},"end":{"line":59,"column":3}},"locations":[{"start":{"line":57,"column":2},"end":{"line":59,"column":3}}]},"13":{"type":"branch","line":64,"loc":{"start":{"line":64,"column":2},"end":{"line":66,"column":3}},"locations":[{"start":{"line":64,"column":2},"end":{"line":66,"column":3}}]},"14":{"type":"branch","line":71,"loc":{"start":{"line":71,"column":2},"end":{"line":87,"column":3}},"locations":[{"start":{"line":71,"column":2},"end":{"line":87,"column":3}}]},"15":{"type":"branch","line":74,"loc":{"start":{"line":74,"column":28},"end":{"line":84,"column":5}},"locations":[{"start":{"line":74,"column":28},"end":{"line":84,"column":5}}]},"16":{"type":"branch","line":75,"loc":{"start":{"line":75,"column":37},"end":{"line":78,"column":13}},"locations":[{"start":{"line":75,"column":37},"end":{"line":78,"column":13}}]},"17":{"type":"branch","line":78,"loc":{"start":{"line":78,"column":7},"end":{"line":83,"column":7}},"locations":[{"start":{"line":78,"column":7},"end":{"line":83,"column":7}}]},"18":{"type":"branch","line":78,"loc":{"start":{"line":78,"column":40},"end":{"line":81,"column":13}},"locations":[{"start":{"line":78,"column":40},"end":{"line":81,"column":13}}]},"19":{"type":"branch","line":81,"loc":{"start":{"line":81,"column":7},"end":{"line":83,"column":7}},"locations":[{"start":{"line":81,"column":7},"end":{"line":83,"column":7}}]},"20":{"type":"branch","line":85,"loc":{"start":{"line":85,"column":-1},"end":{"line":87,"column":3}},"locations":[{"start":{"line":85,"column":-1},"end":{"line":87,"column":3}}]},"21":{"type":"branch","line":92,"loc":{"start":{"line":92,"column":2},"end":{"line":96,"column":3}},"locations":[{"start":{"line":92,"column":2},"end":{"line":96,"column":3}}]},"22":{"type":"branch","line":101,"loc":{"start":{"line":101,"column":2},"end":{"line":105,"column":3}},"locations":[{"start":{"line":101,"column":2},"end":{"line":105,"column":3}}]},"23":{"type":"branch","line":110,"loc":{"start":{"line":110,"column":2},"end":{"line":122,"column":3}},"locations":[{"start":{"line":110,"column":2},"end":{"line":122,"column":3}}]},"24":{"type":"branch","line":111,"loc":{"start":{"line":111,"column":35},"end":{"line":115,"column":11}},"locations":[{"start":{"line":111,"column":35},"end":{"line":115,"column":11}}]},"25":{"type":"branch","line":112,"loc":{"start":{"line":112,"column":43},"end":{"line":114,"column":7}},"locations":[{"start":{"line":112,"column":43},"end":{"line":114,"column":7}}]},"26":{"type":"branch","line":115,"loc":{"start":{"line":115,"column":-1},"end":{"line":115,"column":11}},"locations":[{"start":{"line":115,"column":-1},"end":{"line":115,"column":11}}]},"27":{"type":"branch","line":115,"loc":{"start":{"line":115,"column":5},"end":{"line":121,"column":5}},"locations":[{"start":{"line":115,"column":5},"end":{"line":121,"column":5}}]},"28":{"type":"branch","line":115,"loc":{"start":{"line":115,"column":38},"end":{"line":119,"column":11}},"locations":[{"start":{"line":115,"column":38},"end":{"line":119,"column":11}}]},"29":{"type":"branch","line":127,"loc":{"start":{"line":127,"column":2},"end":{"line":147,"column":3}},"locations":[{"start":{"line":127,"column":2},"end":{"line":147,"column":3}}]},"30":{"type":"branch","line":132,"loc":{"start":{"line":132,"column":43},"end":{"line":134,"column":5}},"locations":[{"start":{"line":132,"column":43},"end":{"line":134,"column":5}}]},"31":{"type":"branch","line":136,"loc":{"start":{"line":136,"column":33},"end":{"line":146,"column":5}},"locations":[{"start":{"line":136,"column":33},"end":{"line":146,"column":5}}]},"32":{"type":"branch","line":137,"loc":{"start":{"line":137,"column":44},"end":{"line":141,"column":13}},"locations":[{"start":{"line":137,"column":44},"end":{"line":141,"column":13}}]},"33":{"type":"branch","line":141,"loc":{"start":{"line":141,"column":7},"end":{"line":145,"column":7}},"locations":[{"start":{"line":141,"column":7},"end":{"line":145,"column":7}}]},"34":{"type":"branch","line":155,"loc":{"start":{"line":155,"column":2},"end":{"line":159,"column":3}},"locations":[{"start":{"line":155,"column":2},"end":{"line":159,"column":3}}]},"35":{"type":"branch","line":167,"loc":{"start":{"line":167,"column":2},"end":{"line":175,"column":3}},"locations":[{"start":{"line":167,"column":2},"end":{"line":175,"column":3}}]},"36":{"type":"branch","line":170,"loc":{"start":{"line":170,"column":27},"end":{"line":172,"column":5}},"locations":[{"start":{"line":170,"column":27},"end":{"line":172,"column":5}}]},"37":{"type":"branch","line":173,"loc":{"start":{"line":173,"column":-1},"end":{"line":175,"column":3}},"locations":[{"start":{"line":173,"column":-1},"end":{"line":175,"column":3}}]},"38":{"type":"branch","line":182,"loc":{"start":{"line":182,"column":2},"end":{"line":191,"column":3}},"locations":[{"start":{"line":182,"column":2},"end":{"line":191,"column":3}}]},"39":{"type":"branch","line":193,"loc":{"start":{"line":193,"column":10},"end":{"line":280,"column":3}},"locations":[{"start":{"line":193,"column":10},"end":{"line":280,"column":3}}]},"40":{"type":"branch","line":194,"loc":{"start":{"line":194,"column":35},"end":{"line":194,"column":40}},"locations":[{"start":{"line":194,"column":35},"end":{"line":194,"column":40}}]},"41":{"type":"branch","line":195,"loc":{"start":{"line":195,"column":31},"end":{"line":195,"column":46}},"locations":[{"start":{"line":195,"column":31},"end":{"line":195,"column":46}}]},"42":{"type":"branch","line":197,"loc":{"start":{"line":197,"column":28},"end":{"line":199,"column":5}},"locations":[{"start":{"line":197,"column":28},"end":{"line":199,"column":5}}]},"43":{"type":"branch","line":201,"loc":{"start":{"line":201,"column":26},"end":{"line":203,"column":5}},"locations":[{"start":{"line":201,"column":26},"end":{"line":203,"column":5}}]},"44":{"type":"branch","line":205,"loc":{"start":{"line":205,"column":26},"end":{"line":205,"column":56}},"locations":[{"start":{"line":205,"column":26},"end":{"line":205,"column":56}}]},"45":{"type":"branch","line":205,"loc":{"start":{"line":205,"column":58},"end":{"line":207,"column":5}},"locations":[{"start":{"line":205,"column":58},"end":{"line":207,"column":5}}]},"46":{"type":"branch","line":208,"loc":{"start":{"line":208,"column":-1},"end":{"line":209,"column":41}},"locations":[{"start":{"line":208,"column":-1},"end":{"line":209,"column":41}}]},"47":{"type":"branch","line":209,"loc":{"start":{"line":209,"column":41},"end":{"line":211,"column":5}},"locations":[{"start":{"line":209,"column":41},"end":{"line":211,"column":5}}]},"48":{"type":"branch","line":212,"loc":{"start":{"line":212,"column":-1},"end":{"line":213,"column":32}},"locations":[{"start":{"line":212,"column":-1},"end":{"line":213,"column":32}}]},"49":{"type":"branch","line":213,"loc":{"start":{"line":213,"column":28},"end":{"line":213,"column":60}},"locations":[{"start":{"line":213,"column":28},"end":{"line":213,"column":60}}]},"50":{"type":"branch","line":213,"loc":{"start":{"line":213,"column":62},"end":{"line":215,"column":5}},"locations":[{"start":{"line":213,"column":62},"end":{"line":215,"column":5}}]},"51":{"type":"branch","line":216,"loc":{"start":{"line":216,"column":-1},"end":{"line":220,"column":47}},"locations":[{"start":{"line":216,"column":-1},"end":{"line":220,"column":47}}]},"52":{"type":"branch","line":220,"loc":{"start":{"line":220,"column":47},"end":{"line":277,"column":5}},"locations":[{"start":{"line":220,"column":47},"end":{"line":277,"column":5}}]},"53":{"type":"branch","line":228,"loc":{"start":{"line":228,"column":36},"end":{"line":231,"column":7}},"locations":[{"start":{"line":228,"column":36},"end":{"line":231,"column":7}}]},"54":{"type":"branch","line":232,"loc":{"start":{"line":232,"column":-1},"end":{"line":233,"column":60}},"locations":[{"start":{"line":232,"column":-1},"end":{"line":233,"column":60}}]},"55":{"type":"branch","line":233,"loc":{"start":{"line":233,"column":56},"end":{"line":233,"column":83}},"locations":[{"start":{"line":233,"column":56},"end":{"line":233,"column":83}}]},"56":{"type":"branch","line":234,"loc":{"start":{"line":234,"column":52},"end":{"line":234,"column":78}},"locations":[{"start":{"line":234,"column":52},"end":{"line":234,"column":78}}]},"57":{"type":"branch","line":236,"loc":{"start":{"line":236,"column":25},"end":{"line":236,"column":43}},"locations":[{"start":{"line":236,"column":25},"end":{"line":236,"column":43}}]},"58":{"type":"branch","line":236,"loc":{"start":{"line":236,"column":45},"end":{"line":248,"column":7}},"locations":[{"start":{"line":236,"column":45},"end":{"line":248,"column":7}}]},"59":{"type":"branch","line":238,"loc":{"start":{"line":238,"column":39},"end":{"line":238,"column":66}},"locations":[{"start":{"line":238,"column":39},"end":{"line":238,"column":66}}]},"60":{"type":"branch","line":238,"loc":{"start":{"line":238,"column":68},"end":{"line":242,"column":9}},"locations":[{"start":{"line":238,"column":68},"end":{"line":242,"column":9}}]},"61":{"type":"branch","line":243,"loc":{"start":{"line":243,"column":-1},"end":{"line":248,"column":7}},"locations":[{"start":{"line":243,"column":-1},"end":{"line":248,"column":7}}]},"62":{"type":"branch","line":249,"loc":{"start":{"line":249,"column":-1},"end":{"line":250,"column":27}},"locations":[{"start":{"line":249,"column":-1},"end":{"line":250,"column":27}}]},"63":{"type":"branch","line":250,"loc":{"start":{"line":250,"column":27},"end":{"line":261,"column":7}},"locations":[{"start":{"line":250,"column":27},"end":{"line":261,"column":7}}]},"64":{"type":"branch","line":252,"loc":{"start":{"line":252,"column":34},"end":{"line":256,"column":9}},"locations":[{"start":{"line":252,"column":34},"end":{"line":256,"column":9}}]},"65":{"type":"branch","line":257,"loc":{"start":{"line":257,"column":-1},"end":{"line":261,"column":7}},"locations":[{"start":{"line":257,"column":-1},"end":{"line":261,"column":7}}]},"66":{"type":"branch","line":262,"loc":{"start":{"line":262,"column":-1},"end":{"line":263,"column":26}},"locations":[{"start":{"line":262,"column":-1},"end":{"line":263,"column":26}}]},"67":{"type":"branch","line":263,"loc":{"start":{"line":263,"column":26},"end":{"line":273,"column":7}},"locations":[{"start":{"line":263,"column":26},"end":{"line":273,"column":7}}]},"68":{"type":"branch","line":264,"loc":{"start":{"line":264,"column":37},"end":{"line":268,"column":9}},"locations":[{"start":{"line":264,"column":37},"end":{"line":268,"column":9}}]},"69":{"type":"branch","line":269,"loc":{"start":{"line":269,"column":-1},"end":{"line":273,"column":7}},"locations":[{"start":{"line":269,"column":-1},"end":{"line":273,"column":7}}]},"70":{"type":"branch","line":274,"loc":{"start":{"line":274,"column":-1},"end":{"line":277,"column":5}},"locations":[{"start":{"line":274,"column":-1},"end":{"line":277,"column":5}}]},"71":{"type":"branch","line":278,"loc":{"start":{"line":278,"column":-1},"end":{"line":280,"column":3}},"locations":[{"start":{"line":278,"column":-1},"end":{"line":280,"column":3}}]},"72":{"type":"branch","line":282,"loc":{"start":{"line":282,"column":2},"end":{"line":287,"column":3}},"locations":[{"start":{"line":282,"column":2},"end":{"line":287,"column":3}}]},"73":{"type":"branch","line":289,"loc":{"start":{"line":289,"column":2},"end":{"line":295,"column":3}},"locations":[{"start":{"line":289,"column":2},"end":{"line":295,"column":3}}]},"74":{"type":"branch","line":297,"loc":{"start":{"line":297,"column":2},"end":{"line":302,"column":3}},"locations":[{"start":{"line":297,"column":2},"end":{"line":302,"column":3}}]},"75":{"type":"branch","line":304,"loc":{"start":{"line":304,"column":2},"end":{"line":310,"column":3}},"locations":[{"start":{"line":304,"column":2},"end":{"line":310,"column":3}}]},"76":{"type":"branch","line":312,"loc":{"start":{"line":312,"column":2},"end":{"line":317,"column":3}},"locations":[{"start":{"line":312,"column":2},"end":{"line":317,"column":3}}]},"77":{"type":"branch","line":319,"loc":{"start":{"line":319,"column":2},"end":{"line":325,"column":3}},"locations":[{"start":{"line":319,"column":2},"end":{"line":325,"column":3}}]},"78":{"type":"branch","line":327,"loc":{"start":{"line":327,"column":2},"end":{"line":332,"column":3}},"locations":[{"start":{"line":327,"column":2},"end":{"line":332,"column":3}}]},"79":{"type":"branch","line":334,"loc":{"start":{"line":334,"column":2},"end":{"line":340,"column":3}},"locations":[{"start":{"line":334,"column":2},"end":{"line":340,"column":3}}]},"80":{"type":"branch","line":342,"loc":{"start":{"line":342,"column":2},"end":{"line":347,"column":3}},"locations":[{"start":{"line":342,"column":2},"end":{"line":347,"column":3}}]},"81":{"type":"branch","line":349,"loc":{"start":{"line":349,"column":2},"end":{"line":355,"column":3}},"locations":[{"start":{"line":349,"column":2},"end":{"line":355,"column":3}}]},"82":{"type":"branch","line":357,"loc":{"start":{"line":357,"column":2},"end":{"line":362,"column":3}},"locations":[{"start":{"line":357,"column":2},"end":{"line":362,"column":3}}]},"83":{"type":"branch","line":364,"loc":{"start":{"line":364,"column":2},"end":{"line":370,"column":3}},"locations":[{"start":{"line":364,"column":2},"end":{"line":370,"column":3}}]},"84":{"type":"branch","line":372,"loc":{"start":{"line":372,"column":2},"end":{"line":377,"column":3}},"locations":[{"start":{"line":372,"column":2},"end":{"line":377,"column":3}}]},"85":{"type":"branch","line":379,"loc":{"start":{"line":379,"column":2},"end":{"line":385,"column":3}},"locations":[{"start":{"line":379,"column":2},"end":{"line":385,"column":3}}]},"86":{"type":"branch","line":387,"loc":{"start":{"line":387,"column":2},"end":{"line":392,"column":3}},"locations":[{"start":{"line":387,"column":2},"end":{"line":392,"column":3}}]},"87":{"type":"branch","line":394,"loc":{"start":{"line":394,"column":2},"end":{"line":400,"column":3}},"locations":[{"start":{"line":394,"column":2},"end":{"line":400,"column":3}}]},"88":{"type":"branch","line":402,"loc":{"start":{"line":402,"column":2},"end":{"line":407,"column":3}},"locations":[{"start":{"line":402,"column":2},"end":{"line":407,"column":3}}]},"89":{"type":"branch","line":409,"loc":{"start":{"line":409,"column":2},"end":{"line":415,"column":3}},"locations":[{"start":{"line":409,"column":2},"end":{"line":415,"column":3}}]},"90":{"type":"branch","line":417,"loc":{"start":{"line":417,"column":2},"end":{"line":422,"column":3}},"locations":[{"start":{"line":417,"column":2},"end":{"line":422,"column":3}}]},"91":{"type":"branch","line":424,"loc":{"start":{"line":424,"column":2},"end":{"line":430,"column":3}},"locations":[{"start":{"line":424,"column":2},"end":{"line":430,"column":3}}]},"92":{"type":"branch","line":432,"loc":{"start":{"line":432,"column":2},"end":{"line":452,"column":3}},"locations":[{"start":{"line":432,"column":2},"end":{"line":452,"column":3}}]},"93":{"type":"branch","line":433,"loc":{"start":{"line":433,"column":23},"end":{"line":435,"column":5}},"locations":[{"start":{"line":433,"column":23},"end":{"line":435,"column":5}}]},"94":{"type":"branch","line":436,"loc":{"start":{"line":436,"column":-1},"end":{"line":437,"column":44}},"locations":[{"start":{"line":436,"column":-1},"end":{"line":437,"column":44}}]},"95":{"type":"branch","line":437,"loc":{"start":{"line":437,"column":44},"end":{"line":439,"column":5}},"locations":[{"start":{"line":437,"column":44},"end":{"line":439,"column":5}}]},"96":{"type":"branch","line":440,"loc":{"start":{"line":440,"column":-1},"end":{"line":441,"column":48}},"locations":[{"start":{"line":440,"column":-1},"end":{"line":441,"column":48}}]},"97":{"type":"branch","line":441,"loc":{"start":{"line":441,"column":48},"end":{"line":443,"column":5}},"locations":[{"start":{"line":441,"column":48},"end":{"line":443,"column":5}}]},"98":{"type":"branch","line":444,"loc":{"start":{"line":444,"column":-1},"end":{"line":445,"column":47}},"locations":[{"start":{"line":444,"column":-1},"end":{"line":445,"column":47}}]},"99":{"type":"branch","line":445,"loc":{"start":{"line":445,"column":47},"end":{"line":449,"column":5}},"locations":[{"start":{"line":445,"column":47},"end":{"line":449,"column":5}}]},"100":{"type":"branch","line":446,"loc":{"start":{"line":446,"column":48},"end":{"line":448,"column":7}},"locations":[{"start":{"line":446,"column":48},"end":{"line":448,"column":7}}]},"101":{"type":"branch","line":450,"loc":{"start":{"line":450,"column":-1},"end":{"line":452,"column":3}},"locations":[{"start":{"line":450,"column":-1},"end":{"line":452,"column":3}}]}},"b":{"0":[220],"1":[217],"2":[9],"3":[211],"4":[579],"5":[211],"6":[368],"7":[0],"8":[16],"9":[12],"10":[95],"11":[2],"12":[5],"13":[54],"14":[151],"15":[148],"16":[142],"17":[6],"18":[2],"19":[4],"20":[147],"21":[99],"22":[121],"23":[27],"24":[23],"25":[90],"26":[20],"27":[4],"28":[0],"29":[7],"30":[0],"31":[11],"32":[5],"33":[6],"34":[48],"35":[85],"36":[75],"37":[8],"38":[17],"39":[150],"40":[25],"41":[28],"42":[9],"43":[6],"44":[147],"45":[6],"46":[144],"47":[6],"48":[138],"49":[114],"50":[78],"51":[60],"52":[99],"53":[9],"54":[90],"55":[60],"56":[90],"57":[60],"58":[42],"59":[36],"60":[3],"61":[39],"62":[48],"63":[18],"64":[3],"65":[15],"66":[30],"67":[18],"68":[6],"69":[12],"70":[12],"71":[60],"72":[4],"73":[1],"74":[8],"75":[2],"76":[8],"77":[2],"78":[8],"79":[2],"80":[4],"81":[1],"82":[8],"83":[2],"84":[8],"85":[2],"86":[8],"87":[2],"88":[4],"89":[2],"90":[8],"91":[2],"92":[7],"93":[1],"94":[6],"95":[1],"96":[5],"97":[1],"98":[4],"99":[5],"100":[1],"101":[3]},"fnMap":{"0":{"name":"findBufAndOffset","decl":{"start":{"line":9,"column":0},"end":{"line":30,"column":1}},"loc":{"start":{"line":9,"column":0},"end":{"line":30,"column":1}},"line":9},"1":{"name":"isUint8ArrayList","decl":{"start":{"line":35,"column":6},"end":{"line":37,"column":1}},"loc":{"start":{"line":35,"column":6},"end":{"line":37,"column":1}},"line":35},"2":{"name":"Uint8ArrayList","decl":{"start":{"line":43,"column":2},"end":{"line":51,"column":3}},"loc":{"start":{"line":43,"column":2},"end":{"line":51,"column":3}},"line":43},"3":{"name":"get byteLength","decl":{"start":{"line":57,"column":2},"end":{"line":59,"column":3}},"loc":{"start":{"line":57,"column":2},"end":{"line":59,"column":3}},"line":57},"4":{"name":"append","decl":{"start":{"line":64,"column":2},"end":{"line":66,"column":3}},"loc":{"start":{"line":64,"column":2},"end":{"line":66,"column":3}},"line":64},"5":{"name":"appendAll","decl":{"start":{"line":71,"column":2},"end":{"line":87,"column":3}},"loc":{"start":{"line":71,"column":2},"end":{"line":87,"column":3}},"line":71},"6":{"name":"get","decl":{"start":{"line":92,"column":2},"end":{"line":96,"column":3}},"loc":{"start":{"line":92,"column":2},"end":{"line":96,"column":3}},"line":92},"7":{"name":"set","decl":{"start":{"line":101,"column":2},"end":{"line":105,"column":3}},"loc":{"start":{"line":101,"column":2},"end":{"line":105,"column":3}},"line":101},"8":{"name":"write","decl":{"start":{"line":110,"column":2},"end":{"line":122,"column":3}},"loc":{"start":{"line":110,"column":2},"end":{"line":122,"column":3}},"line":110},"9":{"name":"consume","decl":{"start":{"line":127,"column":2},"end":{"line":147,"column":3}},"loc":{"start":{"line":127,"column":2},"end":{"line":147,"column":3}},"line":127},"10":{"name":"slice","decl":{"start":{"line":155,"column":2},"end":{"line":159,"column":3}},"loc":{"start":{"line":155,"column":2},"end":{"line":159,"column":3}},"line":155},"11":{"name":"subarray","decl":{"start":{"line":167,"column":2},"end":{"line":175,"column":3}},"loc":{"start":{"line":167,"column":2},"end":{"line":175,"column":3}},"line":167},"12":{"name":"sublist","decl":{"start":{"line":182,"column":2},"end":{"line":191,"column":3}},"loc":{"start":{"line":182,"column":2},"end":{"line":191,"column":3}},"line":182},"13":{"name":"_subList","decl":{"start":{"line":193,"column":10},"end":{"line":280,"column":3}},"loc":{"start":{"line":193,"column":10},"end":{"line":280,"column":3}},"line":193},"14":{"name":"getInt8","decl":{"start":{"line":282,"column":2},"end":{"line":287,"column":3}},"loc":{"start":{"line":282,"column":2},"end":{"line":287,"column":3}},"line":282},"15":{"name":"setInt8","decl":{"start":{"line":289,"column":2},"end":{"line":295,"column":3}},"loc":{"start":{"line":289,"column":2},"end":{"line":295,"column":3}},"line":289},"16":{"name":"getInt16","decl":{"start":{"line":297,"column":2},"end":{"line":302,"column":3}},"loc":{"start":{"line":297,"column":2},"end":{"line":302,"column":3}},"line":297},"17":{"name":"setInt16","decl":{"start":{"line":304,"column":2},"end":{"line":310,"column":3}},"loc":{"start":{"line":304,"column":2},"end":{"line":310,"column":3}},"line":304},"18":{"name":"getInt32","decl":{"start":{"line":312,"column":2},"end":{"line":317,"column":3}},"loc":{"start":{"line":312,"column":2},"end":{"line":317,"column":3}},"line":312},"19":{"name":"setInt32","decl":{"start":{"line":319,"column":2},"end":{"line":325,"column":3}},"loc":{"start":{"line":319,"column":2},"end":{"line":325,"column":3}},"line":319},"20":{"name":"getBigInt64","decl":{"start":{"line":327,"column":2},"end":{"line":332,"column":3}},"loc":{"start":{"line":327,"column":2},"end":{"line":332,"column":3}},"line":327},"21":{"name":"setBigInt64","decl":{"start":{"line":334,"column":2},"end":{"line":340,"column":3}},"loc":{"start":{"line":334,"column":2},"end":{"line":340,"column":3}},"line":334},"22":{"name":"getUint8","decl":{"start":{"line":342,"column":2},"end":{"line":347,"column":3}},"loc":{"start":{"line":342,"column":2},"end":{"line":347,"column":3}},"line":342},"23":{"name":"setUint8","decl":{"start":{"line":349,"column":2},"end":{"line":355,"column":3}},"loc":{"start":{"line":349,"column":2},"end":{"line":355,"column":3}},"line":349},"24":{"name":"getUint16","decl":{"start":{"line":357,"column":2},"end":{"line":362,"column":3}},"loc":{"start":{"line":357,"column":2},"end":{"line":362,"column":3}},"line":357},"25":{"name":"setUint16","decl":{"start":{"line":364,"column":2},"end":{"line":370,"column":3}},"loc":{"start":{"line":364,"column":2},"end":{"line":370,"column":3}},"line":364},"26":{"name":"getUint32","decl":{"start":{"line":372,"column":2},"end":{"line":377,"column":3}},"loc":{"start":{"line":372,"column":2},"end":{"line":377,"column":3}},"line":372},"27":{"name":"setUint32","decl":{"start":{"line":379,"column":2},"end":{"line":385,"column":3}},"loc":{"start":{"line":379,"column":2},"end":{"line":385,"column":3}},"line":379},"28":{"name":"getBigUint64","decl":{"start":{"line":387,"column":2},"end":{"line":392,"column":3}},"loc":{"start":{"line":387,"column":2},"end":{"line":392,"column":3}},"line":387},"29":{"name":"setBigUint64","decl":{"start":{"line":394,"column":2},"end":{"line":400,"column":3}},"loc":{"start":{"line":394,"column":2},"end":{"line":400,"column":3}},"line":394},"30":{"name":"getFloat32","decl":{"start":{"line":402,"column":2},"end":{"line":407,"column":3}},"loc":{"start":{"line":402,"column":2},"end":{"line":407,"column":3}},"line":402},"31":{"name":"setFloat32","decl":{"start":{"line":409,"column":2},"end":{"line":415,"column":3}},"loc":{"start":{"line":409,"column":2},"end":{"line":415,"column":3}},"line":409},"32":{"name":"getFloat64","decl":{"start":{"line":417,"column":2},"end":{"line":422,"column":3}},"loc":{"start":{"line":417,"column":2},"end":{"line":422,"column":3}},"line":417},"33":{"name":"setFloat64","decl":{"start":{"line":424,"column":2},"end":{"line":430,"column":3}},"loc":{"start":{"line":424,"column":2},"end":{"line":430,"column":3}},"line":424},"34":{"name":"equals","decl":{"start":{"line":432,"column":2},"end":{"line":452,"column":3}},"loc":{"start":{"line":432,"column":2},"end":{"line":452,"column":3}},"line":432}},"f":{"0":220,"1":16,"2":95,"3":5,"4":54,"5":151,"6":99,"7":121,"8":27,"9":7,"10":48,"11":85,"12":17,"13":150,"14":4,"15":1,"16":8,"17":2,"18":8,"19":2,"20":8,"21":2,"22":4,"23":1,"24":8,"25":2,"26":8,"27":2,"28":8,"29":2,"30":4,"31":2,"32":8,"33":2,"34":7}}
,"/Users/alex/Documents/Workspaces/achingbrain/uint8array-list/test/index.spec.ts": {"path":"/Users/alex/Documents/Workspaces/achingbrain/uint8array-list/test/index.spec.ts","all":false,"statementMap":{"0":{"start":{"line":1,"column":0},"end":{"line":1,"column":35}},"1":{"start":{"line":2,"column":0},"end":{"line":2,"column":66}},"2":{"start":{"line":3,"column":0},"end":{"line":3,"column":48}},"3":{"start":{"line":4,"column":0},"end":{"line":4,"column":52}},"4":{"start":{"line":5,"column":0},"end":{"line":5,"column":24}},"5":{"start":{"line":6,"column":0},"end":{"line":6,"column":0}},"6":{"start":{"line":7,"column":0},"end":{"line":7,"column":34}},"7":{"start":{"line":8,"column":0},"end":{"line":8,"column":33}},"8":{"start":{"line":9,"column":0},"end":{"line":9,"column":45}},"9":{"start":{"line":10,"column":0},"end":{"line":10,"column":37}},"10":{"start":{"line":11,"column":0},"end":{"line":11,"column":0}},"11":{"start":{"line":12,"column":0},"end":{"line":12,"column":35}},"12":{"start":{"line":13,"column":0},"end":{"line":13,"column":56}},"13":{"start":{"line":14,"column":0},"end":{"line":14,"column":6}},"14":{"start":{"line":15,"column":0},"end":{"line":15,"column":0}},"15":{"start":{"line":16,"column":0},"end":{"line":16,"column":50}},"16":{"start":{"line":17,"column":0},"end":{"line":17,"column":36}},"17":{"start":{"line":18,"column":0},"end":{"line":18,"column":36}},"18":{"start":{"line":19,"column":0},"end":{"line":19,"column":7}},"19":{"start":{"line":20,"column":0},"end":{"line":20,"column":0}},"20":{"start":{"line":21,"column":0},"end":{"line":21,"column":35}},"21":{"start":{"line":22,"column":0},"end":{"line":22,"column":59}},"22":{"start":{"line":23,"column":0},"end":{"line":23,"column":6}},"23":{"start":{"line":24,"column":0},"end":{"line":24,"column":0}},"24":{"start":{"line":25,"column":0},"end":{"line":25,"column":58}},"25":{"start":{"line":26,"column":0},"end":{"line":26,"column":36}},"26":{"start":{"line":27,"column":0},"end":{"line":27,"column":37}},"27":{"start":{"line":28,"column":0},"end":{"line":28,"column":41}},"28":{"start":{"line":29,"column":0},"end":{"line":29,"column":40}},"29":{"start":{"line":30,"column":0},"end":{"line":30,"column":40}},"30":{"start":{"line":31,"column":0},"end":{"line":31,"column":45}},"31":{"start":{"line":32,"column":0},"end":{"line":32,"column":50}},"32":{"start":{"line":33,"column":0},"end":{"line":33,"column":49}},"33":{"start":{"line":34,"column":0},"end":{"line":34,"column":7}},"34":{"start":{"line":35,"column":0},"end":{"line":35,"column":0}},"35":{"start":{"line":36,"column":0},"end":{"line":36,"column":36}},"36":{"start":{"line":37,"column":0},"end":{"line":37,"column":82}},"37":{"start":{"line":38,"column":0},"end":{"line":38,"column":6}},"38":{"start":{"line":39,"column":0},"end":{"line":39,"column":4}},"39":{"start":{"line":40,"column":0},"end":{"line":40,"column":0}},"40":{"start":{"line":41,"column":0},"end":{"line":41,"column":32}},"41":{"start":{"line":42,"column":0},"end":{"line":42,"column":50}},"42":{"start":{"line":43,"column":0},"end":{"line":43,"column":37}},"43":{"start":{"line":44,"column":0},"end":{"line":44,"column":0}},"44":{"start":{"line":45,"column":0},"end":{"line":45,"column":35}},"45":{"start":{"line":46,"column":0},"end":{"line":46,"column":39}},"46":{"start":{"line":47,"column":0},"end":{"line":47,"column":0}},"47":{"start":{"line":48,"column":0},"end":{"line":48,"column":43}},"48":{"start":{"line":49,"column":0},"end":{"line":49,"column":0}},"49":{"start":{"line":50,"column":0},"end":{"line":50,"column":35}},"50":{"start":{"line":51,"column":0},"end":{"line":51,"column":39}},"51":{"start":{"line":52,"column":0},"end":{"line":52,"column":0}},"52":{"start":{"line":53,"column":0},"end":{"line":53,"column":19}},"53":{"start":{"line":54,"column":0},"end":{"line":54,"column":0}},"54":{"start":{"line":55,"column":0},"end":{"line":55,"column":35}},"55":{"start":{"line":56,"column":0},"end":{"line":56,"column":39}},"56":{"start":{"line":57,"column":0},"end":{"line":57,"column":6}},"57":{"start":{"line":58,"column":0},"end":{"line":58,"column":4}},"58":{"start":{"line":59,"column":0},"end":{"line":59,"column":0}},"59":{"start":{"line":60,"column":0},"end":{"line":60,"column":25}},"60":{"start":{"line":61,"column":0},"end":{"line":61,"column":49}},"61":{"start":{"line":62,"column":0},"end":{"line":62,"column":37}},"62":{"start":{"line":63,"column":0},"end":{"line":63,"column":0}},"63":{"start":{"line":64,"column":0},"end":{"line":64,"column":35}},"64":{"start":{"line":65,"column":0},"end":{"line":65,"column":0}},"65":{"start":{"line":66,"column":0},"end":{"line":66,"column":35}},"66":{"start":{"line":67,"column":0},"end":{"line":67,"column":36}},"67":{"start":{"line":68,"column":0},"end":{"line":68,"column":36}},"68":{"start":{"line":69,"column":0},"end":{"line":69,"column":36}},"69":{"start":{"line":70,"column":0},"end":{"line":70,"column":37}},"70":{"start":{"line":71,"column":0},"end":{"line":71,"column":0}},"71":{"start":{"line":72,"column":0},"end":{"line":72,"column":51}},"72":{"start":{"line":73,"column":0},"end":{"line":73,"column":50}},"73":{"start":{"line":74,"column":0},"end":{"line":74,"column":50}},"74":{"start":{"line":75,"column":0},"end":{"line":75,"column":6}},"75":{"start":{"line":76,"column":0},"end":{"line":76,"column":0}},"76":{"start":{"line":77,"column":0},"end":{"line":77,"column":52}},"77":{"start":{"line":78,"column":0},"end":{"line":78,"column":37}},"78":{"start":{"line":79,"column":0},"end":{"line":79,"column":0}},"79":{"start":{"line":80,"column":0},"end":{"line":80,"column":35}},"80":{"start":{"line":81,"column":0},"end":{"line":81,"column":34}},"81":{"start":{"line":82,"column":0},"end":{"line":82,"column":33}},"82":{"start":{"line":83,"column":0},"end":{"line":83,"column":32}},"83":{"start":{"line":84,"column":0},"end":{"line":84,"column":0}},"84":{"start":{"line":85,"column":0},"end":{"line":85,"column":36}},"85":{"start":{"line":86,"column":0},"end":{"line":86,"column":0}},"86":{"start":{"line":87,"column":0},"end":{"line":87,"column":36}},"87":{"start":{"line":88,"column":0},"end":{"line":88,"column":36}},"88":{"start":{"line":89,"column":0},"end":{"line":89,"column":36}},"89":{"start":{"line":90,"column":0},"end":{"line":90,"column":37}},"90":{"start":{"line":91,"column":0},"end":{"line":91,"column":37}},"91":{"start":{"line":92,"column":0},"end":{"line":92,"column":37}},"92":{"start":{"line":93,"column":0},"end":{"line":93,"column":37}},"93":{"start":{"line":94,"column":0},"end":{"line":94,"column":37}},"94":{"start":{"line":95,"column":0},"end":{"line":95,"column":37}},"95":{"start":{"line":96,"column":0},"end":{"line":96,"column":37}},"96":{"start":{"line":97,"column":0},"end":{"line":97,"column":6}},"97":{"start":{"line":98,"column":0},"end":{"line":98,"column":0}},"98":{"start":{"line":99,"column":0},"end":{"line":99,"column":35}},"99":{"start":{"line":100,"column":0},"end":{"line":100,"column":37}},"100":{"start":{"line":101,"column":0},"end":{"line":101,"column":0}},"101":{"start":{"line":102,"column":0},"end":{"line":102,"column":16}},"102":{"start":{"line":103,"column":0},"end":{"line":103,"column":37}},"103":{"start":{"line":104,"column":0},"end":{"line":104,"column":41}},"104":{"start":{"line":105,"column":0},"end":{"line":105,"column":40}},"105":{"start":{"line":106,"column":0},"end":{"line":106,"column":40}},"106":{"start":{"line":107,"column":0},"end":{"line":107,"column":45}},"107":{"start":{"line":108,"column":0},"end":{"line":108,"column":50}},"108":{"start":{"line":109,"column":0},"end":{"line":109,"column":49}},"109":{"start":{"line":110,"column":0},"end":{"line":110,"column":7}},"110":{"start":{"line":111,"column":0},"end":{"line":111,"column":0}},"111":{"start":{"line":112,"column":0},"end":{"line":112,"column":36}},"112":{"start":{"line":113,"column":0},"end":{"line":113,"column":0}},"113":{"start":{"line":114,"column":0},"end":{"line":114,"column":50}},"114":{"start":{"line":115,"column":0},"end":{"line":115,"column":0}},"115":{"start":{"line":116,"column":0},"end":{"line":116,"column":48}},"116":{"start":{"line":117,"column":0},"end":{"line":117,"column":29}},"117":{"start":{"line":118,"column":0},"end":{"line":118,"column":55}},"118":{"start":{"line":119,"column":0},"end":{"line":119,"column":7}},"119":{"start":{"line":120,"column":0},"end":{"line":120,"column":6}},"120":{"start":{"line":121,"column":0},"end":{"line":121,"column":4}},"121":{"start":{"line":122,"column":0},"end":{"line":122,"column":0}},"122":{"start":{"line":123,"column":0},"end":{"line":123,"column":25}},"123":{"start":{"line":124,"column":0},"end":{"line":124,"column":49}},"124":{"start":{"line":125,"column":0},"end":{"line":125,"column":37}},"125":{"start":{"line":126,"column":0},"end":{"line":126,"column":0}},"126":{"start":{"line":127,"column":0},"end":{"line":127,"column":35}},"127":{"start":{"line":128,"column":0},"end":{"line":128,"column":0}},"128":{"start":{"line":129,"column":0},"end":{"line":129,"column":35}},"129":{"start":{"line":130,"column":0},"end":{"line":130,"column":0}},"130":{"start":{"line":131,"column":0},"end":{"line":131,"column":36}},"131":{"start":{"line":132,"column":0},"end":{"line":132,"column":20}},"132":{"start":{"line":133,"column":0},"end":{"line":133,"column":37}},"133":{"start":{"line":134,"column":0},"end":{"line":134,"column":0}},"134":{"start":{"line":135,"column":0},"end":{"line":135,"column":37}},"135":{"start":{"line":136,"column":0},"end":{"line":136,"column":20}},"136":{"start":{"line":137,"column":0},"end":{"line":137,"column":37}},"137":{"start":{"line":138,"column":0},"end":{"line":138,"column":0}},"138":{"start":{"line":139,"column":0},"end":{"line":139,"column":54}},"139":{"start":{"line":140,"column":0},"end":{"line":140,"column":53}},"140":{"start":{"line":141,"column":0},"end":{"line":141,"column":53}},"141":{"start":{"line":142,"column":0},"end":{"line":142,"column":6}},"142":{"start":{"line":143,"column":0},"end":{"line":143,"column":0}},"143":{"start":{"line":144,"column":0},"end":{"line":144,"column":48}},"144":{"start":{"line":145,"column":0},"end":{"line":145,"column":37}},"145":{"start":{"line":146,"column":0},"end":{"line":146,"column":0}},"146":{"start":{"line":147,"column":0},"end":{"line":147,"column":16}},"147":{"start":{"line":148,"column":0},"end":{"line":148,"column":37}},"148":{"start":{"line":149,"column":0},"end":{"line":149,"column":41}},"149":{"start":{"line":150,"column":0},"end":{"line":150,"column":40}},"150":{"start":{"line":151,"column":0},"end":{"line":151,"column":40}},"151":{"start":{"line":152,"column":0},"end":{"line":152,"column":45}},"152":{"start":{"line":153,"column":0},"end":{"line":153,"column":50}},"153":{"start":{"line":154,"column":0},"end":{"line":154,"column":49}},"154":{"start":{"line":155,"column":0},"end":{"line":155,"column":7}},"155":{"start":{"line":156,"column":0},"end":{"line":156,"column":0}},"156":{"start":{"line":157,"column":0},"end":{"line":157,"column":36}},"157":{"start":{"line":158,"column":0},"end":{"line":158,"column":0}},"158":{"start":{"line":159,"column":0},"end":{"line":159,"column":50}},"159":{"start":{"line":160,"column":0},"end":{"line":160,"column":0}},"160":{"start":{"line":161,"column":0},"end":{"line":161,"column":48}},"161":{"start":{"line":162,"column":0},"end":{"line":162,"column":29}},"162":{"start":{"line":163,"column":0},"end":{"line":163,"column":55}},"163":{"start":{"line":164,"column":0},"end":{"line":164,"column":0}},"164":{"start":{"line":165,"column":0},"end":{"line":165,"column":20}},"165":{"start":{"line":166,"column":0},"end":{"line":166,"column":37}},"166":{"start":{"line":167,"column":0},"end":{"line":167,"column":7}},"167":{"start":{"line":168,"column":0},"end":{"line":168,"column":6}},"168":{"start":{"line":169,"column":0},"end":{"line":169,"column":4}},"169":{"start":{"line":170,"column":0},"end":{"line":170,"column":0}},"170":{"start":{"line":171,"column":0},"end":{"line":171,"column":27}},"171":{"start":{"line":172,"column":0},"end":{"line":172,"column":52}},"172":{"start":{"line":173,"column":0},"end":{"line":173,"column":37}},"173":{"start":{"line":174,"column":0},"end":{"line":174,"column":0}},"174":{"start":{"line":175,"column":0},"end":{"line":175,"column":35}},"175":{"start":{"line":176,"column":0},"end":{"line":176,"column":0}},"176":{"start":{"line":177,"column":0},"end":{"line":177,"column":70}},"177":{"start":{"line":178,"column":0},"end":{"line":178,"column":69}},"178":{"start":{"line":179,"column":0},"end":{"line":179,"column":69}},"179":{"start":{"line":180,"column":0},"end":{"line":180,"column":6}},"180":{"start":{"line":181,"column":0},"end":{"line":181,"column":0}},"181":{"start":{"line":182,"column":0},"end":{"line":182,"column":45}},"182":{"start":{"line":183,"column":0},"end":{"line":183,"column":37}},"183":{"start":{"line":184,"column":0},"end":{"line":184,"column":0}},"184":{"start":{"line":185,"column":0},"end":{"line":185,"column":35}},"185":{"start":{"line":186,"column":0},"end":{"line":186,"column":0}},"186":{"start":{"line":187,"column":0},"end":{"line":187,"column":35}},"187":{"start":{"line":188,"column":0},"end":{"line":188,"column":0}},"188":{"start":{"line":189,"column":0},"end":{"line":189,"column":31}},"189":{"start":{"line":190,"column":0},"end":{"line":190,"column":0}},"190":{"start":{"line":191,"column":0},"end":{"line":191,"column":51}},"191":{"start":{"line":192,"column":0},"end":{"line":192,"column":6}},"192":{"start":{"line":193,"column":0},"end":{"line":193,"column":0}},"193":{"start":{"line":194,"column":0},"end":{"line":194,"column":48}},"194":{"start":{"line":195,"column":0},"end":{"line":195,"column":37}},"195":{"start":{"line":196,"column":0},"end":{"line":196,"column":0}},"196":{"start":{"line":197,"column":0},"end":{"line":197,"column":35}},"197":{"start":{"line":198,"column":0},"end":{"line":198,"column":35}},"198":{"start":{"line":199,"column":0},"end":{"line":199,"column":0}},"199":{"start":{"line":200,"column":0},"end":{"line":200,"column":35}},"200":{"start":{"line":201,"column":0},"end":{"line":201,"column":0}},"201":{"start":{"line":202,"column":0},"end":{"line":202,"column":37}},"202":{"start":{"line":203,"column":0},"end":{"line":203,"column":0}},"203":{"start":{"line":204,"column":0},"end":{"line":204,"column":55}},"204":{"start":{"line":205,"column":0},"end":{"line":205,"column":6}},"205":{"start":{"line":206,"column":0},"end":{"line":206,"column":0}},"206":{"start":{"line":207,"column":0},"end":{"line":207,"column":47}},"207":{"start":{"line":208,"column":0},"end":{"line":208,"column":37}},"208":{"start":{"line":209,"column":0},"end":{"line":209,"column":0}},"209":{"start":{"line":210,"column":0},"end":{"line":210,"column":40}},"210":{"start":{"line":211,"column":0},"end":{"line":211,"column":91}},"211":{"start":{"line":212,"column":0},"end":{"line":212,"column":40}},"212":{"start":{"line":213,"column":0},"end":{"line":213,"column":85}},"213":{"start":{"line":214,"column":0},"end":{"line":214,"column":40}},"214":{"start":{"line":215,"column":0},"end":{"line":215,"column":88}},"215":{"start":{"line":216,"column":0},"end":{"line":216,"column":40}},"216":{"start":{"line":217,"column":0},"end":{"line":217,"column":87}},"217":{"start":{"line":218,"column":0},"end":{"line":218,"column":6}},"218":{"start":{"line":219,"column":0},"end":{"line":219,"column":4}},"219":{"start":{"line":220,"column":0},"end":{"line":220,"column":0}},"220":{"start":{"line":221,"column":0},"end":{"line":221,"column":27}},"221":{"start":{"line":222,"column":0},"end":{"line":222,"column":48}},"222":{"start":{"line":223,"column":0},"end":{"line":223,"column":37}},"223":{"start":{"line":224,"column":0},"end":{"line":224,"column":0}},"224":{"start":{"line":225,"column":0},"end":{"line":225,"column":35}},"225":{"start":{"line":226,"column":0},"end":{"line":226,"column":0}},"226":{"start":{"line":227,"column":0},"end":{"line":227,"column":35}},"227":{"start":{"line":228,"column":0},"end":{"line":228,"column":64}},"228":{"start":{"line":229,"column":0},"end":{"line":229,"column":63}},"229":{"start":{"line":230,"column":0},"end":{"line":230,"column":63}},"230":{"start":{"line":231,"column":0},"end":{"line":231,"column":65}},"231":{"start":{"line":232,"column":0},"end":{"line":232,"column":6}},"232":{"start":{"line":233,"column":0},"end":{"line":233,"column":0}},"233":{"start":{"line":234,"column":0},"end":{"line":234,"column":54}},"234":{"start":{"line":235,"column":0},"end":{"line":235,"column":37}},"235":{"start":{"line":236,"column":0},"end":{"line":236,"column":0}},"236":{"start":{"line":237,"column":0},"end":{"line":237,"column":35}},"237":{"start":{"line":238,"column":0},"end":{"line":238,"column":34}},"238":{"start":{"line":239,"column":0},"end":{"line":239,"column":33}},"239":{"start":{"line":240,"column":0},"end":{"line":240,"column":32}},"240":{"start":{"line":241,"column":0},"end":{"line":241,"column":0}},"241":{"start":{"line":242,"column":0},"end":{"line":242,"column":36}},"242":{"start":{"line":243,"column":0},"end":{"line":243,"column":0}},"243":{"start":{"line":244,"column":0},"end":{"line":244,"column":60}},"244":{"start":{"line":245,"column":0},"end":{"line":245,"column":61}},"245":{"start":{"line":246,"column":0},"end":{"line":246,"column":65}},"246":{"start":{"line":247,"column":0},"end":{"line":247,"column":61}},"247":{"start":{"line":248,"column":0},"end":{"line":248,"column":71}},"248":{"start":{"line":249,"column":0},"end":{"line":249,"column":68}},"249":{"start":{"line":250,"column":0},"end":{"line":250,"column":63}},"250":{"start":{"line":251,"column":0},"end":{"line":251,"column":65}},"251":{"start":{"line":252,"column":0},"end":{"line":252,"column":66}},"252":{"start":{"line":253,"column":0},"end":{"line":253,"column":65}},"253":{"start":{"line":254,"column":0},"end":{"line":254,"column":63}},"254":{"start":{"line":255,"column":0},"end":{"line":255,"column":6}},"255":{"start":{"line":256,"column":0},"end":{"line":256,"column":0}},"256":{"start":{"line":257,"column":0},"end":{"line":257,"column":37}},"257":{"start":{"line":258,"column":0},"end":{"line":258,"column":37}},"258":{"start":{"line":259,"column":0},"end":{"line":259,"column":0}},"259":{"start":{"line":260,"column":0},"end":{"line":260,"column":34}},"260":{"start":{"line":261,"column":0},"end":{"line":261,"column":34}},"261":{"start":{"line":262,"column":0},"end":{"line":262,"column":0}},"26
[...]
ocations":[{"start":{"line":77,"column":45},"end":{"line":97,"column":5}}]},"13":{"type":"branch","line":99,"loc":{"start":{"line":99,"column":28},"end":{"line":120,"column":5}},"locations":[{"start":{"line":99,"column":28},"end":{"line":120,"column":5}}]},"14":{"type":"branch","line":116,"loc":{"start":{"line":116,"column":47},"end":{"line":119,"column":7}},"locations":[{"start":{"line":116,"column":47},"end":{"line":119,"column":7}}]},"15":{"type":"branch","line":123,"loc":{"start":{"line":123,"column":18},"end":{"line":169,"column":3}},"locations":[{"start":{"line":123,"column":18},"end":{"line":169,"column":3}}]},"16":{"type":"branch","line":124,"loc":{"start":{"line":124,"column":42},"end":{"line":142,"column":5}},"locations":[{"start":{"line":124,"column":42},"end":{"line":142,"column":5}}]},"17":{"type":"branch","line":139,"loc":{"start":{"line":139,"column":13},"end":{"line":139,"column":32}},"locations":[{"start":{"line":139,"column":13},"end":{"line":139,"column":32}}]},"18":{"type":"branch","line":140,"loc":{"start":{"line":140,"column":13},"end":{"line":140,"column":31}},"locations":[{"start":{"line":140,"column":13},"end":{"line":140,"column":31}}]},"19":{"type":"branch","line":141,"loc":{"start":{"line":141,"column":13},"end":{"line":141,"column":31}},"locations":[{"start":{"line":141,"column":13},"end":{"line":141,"column":31}}]},"20":{"type":"branch","line":144,"loc":{"start":{"line":144,"column":41},"end":{"line":168,"column":5}},"locations":[{"start":{"line":144,"column":41},"end":{"line":168,"column":5}}]},"21":{"type":"branch","line":161,"loc":{"start":{"line":161,"column":47},"end":{"line":167,"column":7}},"locations":[{"start":{"line":161,"column":47},"end":{"line":167,"column":7}}]},"22":{"type":"branch","line":171,"loc":{"start":{"line":171,"column":20},"end":{"line":219,"column":3}},"locations":[{"start":{"line":171,"column":20},"end":{"line":219,"column":3}}]},"23":{"type":"branch","line":172,"loc":{"start":{"line":172,"column":45},"end":{"line":180,"column":5}},"locations":[{"start":{"line":172,"column":45},"end":{"line":180,"column":5}}]},"24":{"type":"branch","line":177,"loc":{"start":{"line":177,"column":13},"end":{"line":177,"column":48}},"locations":[{"start":{"line":177,"column":13},"end":{"line":177,"column":48}}]},"25":{"type":"branch","line":178,"loc":{"start":{"line":178,"column":13},"end":{"line":178,"column":47}},"locations":[{"start":{"line":178,"column":13},"end":{"line":178,"column":47}}]},"26":{"type":"branch","line":179,"loc":{"start":{"line":179,"column":13},"end":{"line":179,"column":47}},"locations":[{"start":{"line":179,"column":13},"end":{"line":179,"column":47}}]},"27":{"type":"branch","line":182,"loc":{"start":{"line":182,"column":38},"end":{"line":192,"column":5}},"locations":[{"start":{"line":182,"column":38},"end":{"line":192,"column":5}}]},"28":{"type":"branch","line":194,"loc":{"start":{"line":194,"column":41},"end":{"line":205,"column":5}},"locations":[{"start":{"line":194,"column":41},"end":{"line":205,"column":5}}]},"29":{"type":"branch","line":207,"loc":{"start":{"line":207,"column":40},"end":{"line":218,"column":5}},"locations":[{"start":{"line":207,"column":40},"end":{"line":218,"column":5}}]},"30":{"type":"branch","line":211,"loc":{"start":{"line":211,"column":13},"end":{"line":211,"column":36}},"locations":[{"start":{"line":211,"column":13},"end":{"line":211,"column":36}}]},"31":{"type":"branch","line":213,"loc":{"start":{"line":213,"column":13},"end":{"line":213,"column":30}},"locations":[{"start":{"line":213,"column":13},"end":{"line":213,"column":30}}]},"32":{"type":"branch","line":215,"loc":{"start":{"line":215,"column":13},"end":{"line":215,"column":33}},"locations":[{"start":{"line":215,"column":13},"end":{"line":215,"column":33}}]},"33":{"type":"branch","line":217,"loc":{"start":{"line":217,"column":13},"end":{"line":217,"column":32}},"locations":[{"start":{"line":217,"column":13},"end":{"line":217,"column":32}}]},"34":{"type":"branch","line":221,"loc":{"start":{"line":221,"column":20},"end":{"line":268,"column":3}},"locations":[{"start":{"line":221,"column":20},"end":{"line":268,"column":3}}]},"35":{"type":"branch","line":222,"loc":{"start":{"line":222,"column":41},"end":{"line":232,"column":5}},"locations":[{"start":{"line":222,"column":41},"end":{"line":232,"column":5}}]},"36":{"type":"branch","line":234,"loc":{"start":{"line":234,"column":47},"end":{"line":255,"column":5}},"locations":[{"start":{"line":234,"column":47},"end":{"line":255,"column":5}}]},"37":{"type":"branch","line":257,"loc":{"start":{"line":257,"column":30},"end":{"line":267,"column":5}},"locations":[{"start":{"line":257,"column":30},"end":{"line":267,"column":5}}]},"38":{"type":"branch","line":265,"loc":{"start":{"line":265,"column":13},"end":{"line":265,"column":33}},"locations":[{"start":{"line":265,"column":13},"end":{"line":265,"column":33}}]},"39":{"type":"branch","line":266,"loc":{"start":{"line":266,"column":13},"end":{"line":266,"column":32}},"locations":[{"start":{"line":266,"column":13},"end":{"line":266,"column":32}}]},"40":{"type":"branch","line":270,"loc":{"start":{"line":270,"column":23},"end":{"line":317,"column":3}},"locations":[{"start":{"line":270,"column":23},"end":{"line":317,"column":3}}]},"41":{"type":"branch","line":271,"loc":{"start":{"line":271,"column":41},"end":{"line":282,"column":5}},"locations":[{"start":{"line":271,"column":41},"end":{"line":282,"column":5}}]},"42":{"type":"branch","line":284,"loc":{"start":{"line":284,"column":47},"end":{"line":304,"column":5}},"locations":[{"start":{"line":284,"column":47},"end":{"line":304,"column":5}}]},"43":{"type":"branch","line":306,"loc":{"start":{"line":306,"column":30},"end":{"line":316,"column":5}},"locations":[{"start":{"line":306,"column":30},"end":{"line":316,"column":5}}]},"44":{"type":"branch","line":314,"loc":{"start":{"line":314,"column":13},"end":{"line":314,"column":36}},"locations":[{"start":{"line":314,"column":13},"end":{"line":314,"column":36}}]},"45":{"type":"branch","line":315,"loc":{"start":{"line":315,"column":13},"end":{"line":315,"column":35}},"locations":[{"start":{"line":315,"column":13},"end":{"line":315,"column":35}}]},"46":{"type":"branch","line":319,"loc":{"start":{"line":319,"column":22},"end":{"line":366,"column":3}},"locations":[{"start":{"line":319,"column":22},"end":{"line":366,"column":3}}]},"47":{"type":"branch","line":320,"loc":{"start":{"line":320,"column":41},"end":{"line":331,"column":5}},"locations":[{"start":{"line":320,"column":41},"end":{"line":331,"column":5}}]},"48":{"type":"branch","line":333,"loc":{"start":{"line":333,"column":47},"end":{"line":353,"column":5}},"locations":[{"start":{"line":333,"column":47},"end":{"line":353,"column":5}}]},"49":{"type":"branch","line":355,"loc":{"start":{"line":355,"column":30},"end":{"line":365,"column":5}},"locations":[{"start":{"line":355,"column":30},"end":{"line":365,"column":5}}]},"50":{"type":"branch","line":363,"loc":{"start":{"line":363,"column":13},"end":{"line":363,"column":35}},"locations":[{"start":{"line":363,"column":13},"end":{"line":363,"column":35}}]},"51":{"type":"branch","line":364,"loc":{"start":{"line":364,"column":13},"end":{"line":364,"column":34}},"locations":[{"start":{"line":364,"column":13},"end":{"line":364,"column":34}}]},"52":{"type":"branch","line":368,"loc":{"start":{"line":368,"column":21},"end":{"line":413,"column":3}},"locations":[{"start":{"line":368,"column":21},"end":{"line":413,"column":3}}]},"53":{"type":"branch","line":369,"loc":{"start":{"line":369,"column":37},"end":{"line":382,"column":5}},"locations":[{"start":{"line":369,"column":37},"end":{"line":382,"column":5}}]},"54":{"type":"branch","line":384,"loc":{"start":{"line":384,"column":46},"end":{"line":399,"column":5}},"locations":[{"start":{"line":384,"column":46},"end":{"line":399,"column":5}}]},"55":{"type":"branch","line":401,"loc":{"start":{"line":401,"column":41},"end":{"line":412,"column":5}},"locations":[{"start":{"line":401,"column":41},"end":{"line":412,"column":5}}]},"56":{"type":"branch","line":405,"loc":{"start":{"line":405,"column":13},"end":{"line":405,"column":37}},"locations":[{"start":{"line":405,"column":13},"end":{"line":405,"column":37}}]},"57":{"type":"branch","line":407,"loc":{"start":{"line":407,"column":13},"end":{"line":407,"column":31}},"locations":[{"start":{"line":407,"column":13},"end":{"line":407,"column":31}}]},"58":{"type":"branch","line":409,"loc":{"start":{"line":409,"column":13},"end":{"line":409,"column":34}},"locations":[{"start":{"line":409,"column":13},"end":{"line":409,"column":34}}]},"59":{"type":"branch","line":411,"loc":{"start":{"line":411,"column":13},"end":{"line":411,"column":33}},"locations":[{"start":{"line":411,"column":13},"end":{"line":411,"column":33}}]},"60":{"type":"branch","line":415,"loc":{"start":{"line":415,"column":24},"end":{"line":449,"column":3}},"locations":[{"start":{"line":415,"column":24},"end":{"line":449,"column":3}}]},"61":{"type":"branch","line":416,"loc":{"start":{"line":416,"column":49},"end":{"line":431,"column":5}},"locations":[{"start":{"line":416,"column":49},"end":{"line":431,"column":5}}]},"62":{"type":"branch","line":433,"loc":{"start":{"line":433,"column":69},"end":{"line":448,"column":5}},"locations":[{"start":{"line":433,"column":69},"end":{"line":448,"column":5}}]},"63":{"type":"branch","line":451,"loc":{"start":{"line":451,"column":22},"end":{"line":496,"column":3}},"locations":[{"start":{"line":451,"column":22},"end":{"line":496,"column":3}}]},"64":{"type":"branch","line":452,"loc":{"start":{"line":452,"column":42},"end":{"line":483,"column":5}},"locations":[{"start":{"line":452,"column":42},"end":{"line":483,"column":5}}]},"65":{"type":"branch","line":485,"loc":{"start":{"line":485,"column":31},"end":{"line":495,"column":5}},"locations":[{"start":{"line":485,"column":31},"end":{"line":495,"column":5}}]},"66":{"type":"branch","line":498,"loc":{"start":{"line":498,"column":32},"end":{"line":514,"column":3}},"locations":[{"start":{"line":498,"column":32},"end":{"line":514,"column":3}}]},"67":{"type":"branch","line":499,"loc":{"start":{"line":499,"column":29},"end":{"line":513,"column":5}},"locations":[{"start":{"line":499,"column":29},"end":{"line":513,"column":5}}]},"68":{"type":"branch","line":516,"loc":{"start":{"line":516,"column":31},"end":{"line":984,"column":3}},"locations":[{"start":{"line":516,"column":31},"end":{"line":984,"column":3}}]},"69":{"type":"branch","line":517,"loc":{"start":{"line":517,"column":27},"end":{"line":528,"column":5}},"locations":[{"start":{"line":517,"column":27},"end":{"line":528,"column":5}}]},"70":{"type":"branch","line":530,"loc":{"start":{"line":530,"column":39},"end":{"line":541,"column":5}},"locations":[{"start":{"line":530,"column":39},"end":{"line":541,"column":5}}]},"71":{"type":"branch","line":543,"loc":{"start":{"line":543,"column":42},"end":{"line":554,"column":5}},"locations":[{"start":{"line":543,"column":42},"end":{"line":554,"column":5}}]},"72":{"type":"branch","line":556,"loc":{"start":{"line":556,"column":39},"end":{"line":567,"column":5}},"locations":[{"start":{"line":556,"column":39},"end":{"line":567,"column":5}}]},"73":{"type":"branch","line":569,"loc":{"start":{"line":569,"column":42},"end":{"line":580,"column":5}},"locations":[{"start":{"line":569,"column":42},"end":{"line":580,"column":5}}]},"74":{"type":"branch","line":582,"loc":{"start":{"line":582,"column":42},"end":{"line":593,"column":5}},"locations":[{"start":{"line":582,"column":42},"end":{"line":593,"column":5}}]},"75":{"type":"branch","line":595,"loc":{"start":{"line":595,"column":45},"end":{"line":606,"column":5}},"locations":[{"start":{"line":595,"column":45},"end":{"line":606,"column":5}}]},"76":{"type":"branch","line":608,"loc":{"start":{"line":608,"column":28},"end":{"line":619,"column":5}},"locations":[{"start":{"line":608,"column":28},"end":{"line":619,"column":5}}]},"77":{"type":"branch","line":621,"loc":{"start":{"line":621,"column":40},"end":{"line":632,"column":5}},"locations":[{"start":{"line":621,"column":40},"end":{"line":632,"column":5}}]},"78":{"type":"branch","line":634,"loc":{"start":{"line":634,"column":43},"end":{"line":645,"column":5}},"locations":[{"start":{"line":634,"column":43},"end":{"line":645,"column":5}}]},"79":{"type":"branch","line":647,"loc":{"start":{"line":647,"column":40},"end":{"line":658,"column":5}},"locations":[{"start":{"line":647,"column":40},"end":{"line":658,"column":5}}]},"80":{"type":"branch","line":660,"loc":{"start":{"line":660,"column":43},"end":{"line":671,"column":5}},"locations":[{"start":{"line":660,"column":43},"end":{"line":671,"column":5}}]},"81":{"type":"branch","line":673,"loc":{"start":{"line":673,"column":43},"end":{"line":684,"column":5}},"locations":[{"start":{"line":673,"column":43},"end":{"line":684,"column":5}}]},"82":{"type":"branch","line":686,"loc":{"start":{"line":686,"column":46},"end":{"line":697,"column":5}},"locations":[{"start":{"line":686,"column":46},"end":{"line":697,"column":5}}]},"83":{"type":"branch","line":699,"loc":{"start":{"line":699,"column":41},"end":{"line":710,"column":5}},"locations":[{"start":{"line":699,"column":41},"end":{"line":710,"column":5}}]},"84":{"type":"branch","line":712,"loc":{"start":{"line":712,"column":44},"end":{"line":723,"column":5}},"locations":[{"start":{"line":712,"column":44},"end":{"line":723,"column":5}}]},"85":{"type":"branch","line":725,"loc":{"start":{"line":725,"column":41},"end":{"line":736,"column":5}},"locations":[{"start":{"line":725,"column":41},"end":{"line":736,"column":5}}]},"86":{"type":"branch","line":738,"loc":{"start":{"line":738,"column":44},"end":{"line":749,"column":5}},"locations":[{"start":{"line":738,"column":44},"end":{"line":749,"column":5}}]},"87":{"type":"branch","line":751,"loc":{"start":{"line":751,"column":27},"end":{"line":762,"column":5}},"locations":[{"start":{"line":751,"column":27},"end":{"line":762,"column":5}}]},"88":{"type":"branch","line":764,"loc":{"start":{"line":764,"column":39},"end":{"line":775,"column":5}},"locations":[{"start":{"line":764,"column":39},"end":{"line":775,"column":5}}]},"89":{"type":"branch","line":777,"loc":{"start":{"line":777,"column":42},"end":{"line":788,"column":5}},"locations":[{"start":{"line":777,"column":42},"end":{"line":788,"column":5}}]},"90":{"type":"branch","line":790,"loc":{"start":{"line":790,"column":39},"end":{"line":801,"column":5}},"locations":[{"start":{"line":790,"column":39},"end":{"line":801,"column":5}}]},"91":{"type":"branch","line":803,"loc":{"start":{"line":803,"column":42},"end":{"line":814,"column":5}},"locations":[{"start":{"line":803,"column":42},"end":{"line":814,"column":5}}]},"92":{"type":"branch","line":816,"loc":{"start":{"line":816,"column":39},"end":{"line":827,"column":5}},"locations":[{"start":{"line":816,"column":39},"end":{"line":827,"column":5}}]},"93":{"type":"branch","line":829,"loc":{"start":{"line":829,"column":42},"end":{"line":840,"column":5}},"locations":[{"start":{"line":829,"column":42},"end":{"line":840,"column":5}}]},"94":{"type":"branch","line":842,"loc":{"start":{"line":842,"column":28},"end":{"line":853,"column":5}},"locations":[{"start":{"line":842,"column":28},"end":{"line":853,"column":5}}]},"95":{"type":"branch","line":855,"loc":{"start":{"line":855,"column":40},"end":{"line":866,"column":5}},"locations":[{"start":{"line":855,"column":40},"end":{"line":866,"column":5}}]},"96":{"type":"branch","line":868,"loc":{"start":{"line":868,"column":43},"end":{"line":879,"column":5}},"locations":[{"start":{"line":868,"column":43},"end":{"line":879,"column":5}}]},"97":{"type":"branch","line":881,"loc":{"start":{"line":881,"column":40},"end":{"line":892,"column":5}},"locations":[{"start":{"line":881,"column":40},"end":{"line":892,"column":5}}]},"98":{"type":"branch","line":894,"loc":{"start":{"line":894,"column":43},"end":{"line":905,"column":5}},"locations":[{"start":{"line":894,"column":43},"end":{"line":905,"column":5}}]},"99":{"type":"branch","line":907,"loc":{"start":{"line":907,"column":40},"end":{"line":918,"column":5}},"locations":[{"start":{"line":907,"column":40},"end":{"line":918,"column":5}}]},"100":{"type":"branch","line":920,"loc":{"start":{"line":920,"column":43},"end":{"line":931,"column":5}},"locations":[{"start":{"line":920,"column":43},"end":{"line":931,"column":5}}]},"101":{"type":"branch","line":933,"loc":{"start":{"line":933,"column":41},"end":{"line":944,"column":5}},"locations":[{"start":{"line":933,"column":41},"end":{"line":944,"column":5}}]},"102":{"type":"branch","line":946,"loc":{"start":{"line":946,"column":44},"end":{"line":957,"column":5}},"locations":[{"start":{"line":946,"column":44},"end":{"line":957,"column":5}}]},"103":{"type":"branch","line":959,"loc":{"start":{"line":959,"column":41},"end":{"line":970,"column":5}},"locations":[{"start":{"line":959,"column":41},"end":{"line":970,"column":5}}]},"104":{"type":"branch","line":972,"loc":{"start":{"line":972,"column":44},"end":{"line":983,"column":5}},"locations":[{"start":{"line":972,"column":44},"end":{"line":983,"column":5}}]},"105":{"type":"branch","line":986,"loc":{"start":{"line":986,"column":31},"end":{"line":995,"column":3}},"locations":[{"start":{"line":986,"column":31},"end":{"line":995,"column":3}}]},"106":{"type":"branch","line":987,"loc":{"start":{"line":987,"column":39},"end":{"line":994,"column":5}},"locations":[{"start":{"line":987,"column":39},"end":{"line":994,"column":5}}]},"107":{"type":"branch","line":997,"loc":{"start":{"line":997,"column":21},"end":{"line":1068,"column":3}},"locations":[{"start":{"line":997,"column":21},"end":{"line":1068,"column":3}}]},"108":{"type":"branch","line":998,"loc":{"start":{"line":998,"column":28},"end":{"line":1002,"column":5}},"locations":[{"start":{"line":998,"column":28},"end":{"line":1002,"column":5}}]},"109":{"type":"branch","line":1004,"loc":{"start":{"line":1004,"column":40},"end":{"line":1009,"column":5}},"locations":[{"start":{"line":1004,"column":40},"end":{"line":1009,"column":5}}]},"110":{"type":"branch","line":1011,"loc":{"start":{"line":1011,"column":53},"end":{"line":1022,"column":5}},"locations":[{"start":{"line":1011,"column":53},"end":{"line":1022,"column":5}}]},"111":{"type":"branch","line":1024,"loc":{"start":{"line":1024,"column":62},"end":{"line":1035,"column":5}},"locations":[{"start":{"line":1024,"column":62},"end":{"line":1035,"column":5}}]},"112":{"type":"branch","line":1037,"loc":{"start":{"line":1037,"column":60},"end":{"line":1047,"column":5}},"locations":[{"start":{"line":1037,"column":60},"end":{"line":1047,"column":5}}]},"113":{"type":"branch","line":1049,"loc":{"start":{"line":1049,"column":46},"end":{"line":1057,"column":5}},"locations":[{"start":{"line":1049,"column":46},"end":{"line":1057,"column":5}}]},"114":{"type":"branch","line":1059,"loc":{"start":{"line":1059,"column":39},"end":{"line":1067,"column":5}},"locations":[{"start":{"line":1059,"column":39},"end":{"line":1067,"column":5}}]}},"b":{"0":[1],"1":[1],"2":[1],"3":[1],"4":[1],"5":[1],"6":[1],"7":[1],"8":[1],"9":[1],"10":[1],"11":[1],"12":[1],"13":[1],"14":[26],"15":[1],"16":[1],"17":[1],"18":[1],"19":[1],"20":[1],"21":[26],"22":[1],"23":[1],"24":[1],"25":[1],"26":[1],"27":[1],"28":[1],"29":[1],"30":[1],"31":[1],"32":[1],"33":[1],"34":[1],"35":[1],"36":[1],"37":[1],"38":[1],"39":[1],"40":[1],"41":[1],"42":[1],"43":[1],"44":[1],"45":[1],"46":[1],"47":[1],"48":[1],"49":[1],"50":[1],"51":[1],"52":[1],"53":[1],"54":[1],"55":[1],"56":[1],"57":[1],"58":[1],"59":[1],"60":[1],"61":[1],"62":[1],"63":[1],"64":[1],"65":[1],"66":[1],"67":[1],"68":[1],"69":[1],"70":[1],"71":[1],"72":[1],"73":[1],"74":[1],"75":[1],"76":[1],"77":[1],"78":[1],"79":[1],"80":[1],"81":[1],"82":[1],"83":[1],"84":[1],"85":[1],"86":[1],"87":[1],"88":[1],"89":[1],"90":[1],"91":[1],"92":[1],"93":[1],"94":[1],"95":[1],"96":[1],"97":[1],"98":[1],"99":[1],"100":[1],"101":[1],"102":[1],"103":[1],"104":[1],"105":[1],"106":[1],"107":[1],"108":[1],"109":[1],"110":[1],"111":[1],"112":[1],"113":[1],"114":[1]},"fnMap":{},"f":{}}
}
